<?xml version="1.0" encoding="UTF-8"?>
<coverage generated="1779873170813" clover="3.2.0">
  <project timestamp="1779873170814" name="All files">
    <metrics statements="105" coveredstatements="87" conditionals="46" coveredconditionals="35" methods="36" coveredmethods="32" elements="187" coveredelements="154" complexity="0" loc="105" ncloc="105" packages="3" files="5" classes="5"/>
    <package name="app.checkout">
      <metrics statements="56" coveredstatements="45" conditionals="38" coveredconditionals="29" methods="12" coveredmethods="11"/>
      <file name="page.tsx" path="/app/src/app/checkout/page.tsx">
        <metrics statements="56" coveredstatements="45" conditionals="38" coveredconditionals="29" methods="12" coveredmethods="11"/>
        <line num="3" count="1" type="stmt"/>
        <line num="4" count="1" type="stmt"/>
        <line num="5" count="1" type="stmt"/>
        <line num="6" count="1" type="stmt"/>
        <line num="7" count="1" type="stmt"/>
        <line num="10" count="1" type="stmt"/>
        <line num="13" count="3" type="stmt"/>
        <line num="14" count="3" type="cond" truecount="2" falsecount="0"/>
        <line num="15" count="3" type="cond" truecount="2" falsecount="0"/>
        <line num="16" count="3" type="cond" truecount="2" falsecount="0"/>
        <line num="17" count="1" type="stmt"/>
        <line num="18" count="2" type="cond" truecount="2" falsecount="0"/>
        <line num="19" count="1" type="stmt"/>
        <line num="21" count="3" type="stmt"/>
        <line num="24" count="3" type="stmt"/>
        <line num="25" count="55" type="stmt"/>
        <line num="26" count="55" type="stmt"/>
        <line num="28" count="55" type="stmt"/>
        <line num="33" count="55" type="stmt"/>
        <line num="34" count="55" type="stmt"/>
        <line num="35" count="55" type="stmt"/>
        <line num="37" count="55" type="stmt"/>
        <line num="38" count="55" type="cond" truecount="4" falsecount="0"/>
        <line num="39" count="54" type="cond" truecount="1" falsecount="1"/>
        <line num="40" count="0" type="stmt"/>
        <line num="44" count="55" type="stmt"/>
        <line num="45" count="49" type="stmt"/>
        <line num="46" count="49" type="cond" truecount="1" falsecount="1"/>
        <line num="47" count="0" type="stmt"/>
        <line num="51" count="55" type="stmt"/>
        <line num="52" count="3" type="stmt"/>
        <line num="53" count="3" type="cond" truecount="2" falsecount="0"/>
        <line num="54" count="2" type="stmt"/>
        <line num="55" count="2" type="stmt"/>
        <line num="58" count="1" type="stmt"/>
        <line num="59" count="1" type="stmt"/>
        <line num="61" count="1" type="stmt"/>
        <line num="62" count="1" type="stmt"/>
        <line num="66" count="1" type="stmt"/>
        <line num="68" count="1" type="stmt"/>
        <line num="69" count="1" type="stmt"/>
        <line num="78" count="1" type="stmt"/>
        <line num="80" count="0" type="cond" truecount="0" falsecount="2"/>
        <line num="81" count="0" type="cond" truecount="0" falsecount="4"/>
        <line num="84" count="0" type="stmt"/>
        <line num="85" count="0" type="stmt"/>
        <line num="87" count="0" type="stmt"/>
        <line num="90" count="0" type="stmt"/>
        <line num="92" count="0" type="stmt"/>
        <line num="95" count="0" type="stmt"/>
        <line num="99" count="0" type="stmt"/>
        <line num="103" count="55" type="stmt"/>
        <line num="109" count="55" type="cond" truecount="1" falsecount="1"/>
        <line num="134" count="8" type="stmt"/>
        <line num="161" count="12" type="stmt"/>
        <line num="187" count="29" type="stmt"/>
      </file>
    </package>
    <package name="components">
      <metrics statements="11" coveredstatements="9" conditionals="0" coveredconditionals="0" methods="7" coveredmethods="5"/>
      <file name="BookCard.tsx" path="/app/src/components/BookCard.tsx">
        <metrics statements="3" coveredstatements="3" conditionals="0" coveredconditionals="0" methods="1" coveredmethods="1"/>
        <line num="1" count="1" type="stmt"/>
        <line num="2" count="1" type="stmt"/>
        <line num="9" count="1" type="stmt"/>
      </file>
      <file name="CartItemRow.tsx" path="/app/src/components/CartItemRow.tsx">
        <metrics statements="6" coveredstatements="4" conditionals="0" coveredconditionals="0" methods="4" coveredmethods="2"/>
        <line num="3" count="1" type="stmt"/>
        <line num="12" count="2" type="stmt"/>
        <line num="17" count="2" type="stmt"/>
        <line num="44" count="0" type="stmt"/>
        <line num="57" count="0" type="stmt"/>
        <line num="70" count="1" type="stmt"/>
      </file>
      <file name="OrderSummary.tsx" path="/app/src/components/OrderSummary.tsx">
        <metrics statements="2" coveredstatements="2" conditionals="0" coveredconditionals="0" methods="2" coveredmethods="2"/>
        <line num="12" count="1" type="stmt"/>
        <line num="18" count="2" type="stmt"/>
      </file>
    </package>
    <package name="contexts">
      <metrics statements="38" coveredstatements="33" conditionals="8" coveredconditionals="6" methods="17" coveredmethods="16"/>
      <file name="CartContext.tsx" path="/app/src/contexts/CartContext.tsx">
        <metrics statements="38" coveredstatements="33" conditionals="8" coveredconditionals="6" methods="17" coveredmethods="16"/>
        <line num="9" count="1" type="stmt"/>
        <line num="12" count="20" type="stmt"/>
        <line num="14" count="5" type="stmt"/>
        <line num="15" count="20" type="stmt"/>
        <line num="16" count="20" type="stmt"/>
        <line num="18" count="20" type="stmt"/>
        <line num="19" count="5" type="stmt"/>
        <line num="20" count="5" type="cond" truecount="1" falsecount="1"/>
        <line num="21" count="0" type="stmt"/>
        <line num="22" count="0" type="stmt"/>
        <line num="24" count="0" type="stmt"/>
        <line num="27" count="5" type="stmt"/>
        <line num="30" count="20" type="stmt"/>
        <line num="31" count="8" type="stmt"/>
        <line num="32" count="8" type="stmt"/>
        <line num="33" count="8" type="cond" truecount="2" falsecount="0"/>
        <line num="35" count="3" type="cond" truecount="2" falsecount="0"/>
        <line num="38" count="8" type="stmt"/>
        <line num="39" count="8" type="stmt"/>
        <line num="43" count="20" type="stmt"/>
        <line num="44" count="1" type="stmt"/>
        <line num="45" count="1" type="stmt"/>
        <line num="46" count="1" type="cond" truecount="1" falsecount="1"/>
        <line num="48" count="1" type="stmt"/>
        <line num="49" count="1" type="stmt"/>
        <line num="53" count="20" type="stmt"/>
        <line num="54" count="1" type="stmt"/>
        <line num="55" count="1" type="stmt"/>
        <line num="56" count="1" type="stmt"/>
        <line num="57" count="1" type="stmt"/>
        <line num="61" count="20" type="stmt"/>
        <line num="62" count="0" type="stmt"/>
        <line num="63" count="0" type="stmt"/>
        <line num="66" count="20" type="stmt"/>
        <line num="67" count="15" type="stmt"/>
        <line num="71" count="20" type="stmt"/>
        <line num="73" count="15" type="stmt"/>
        <line num="77" count="20" type="stmt"/>
      </file>
    </package>
  </project>
</coverage>
