<?xml version="1.0" encoding="UTF-8"?>
<coverage generated="1789480177748" clover="3.2.0">
  <project timestamp="1789480177748" name="All files">
    <metrics statements="165" coveredstatements="163" conditionals="60" coveredconditionals="56" methods="49" coveredmethods="49" elements="274" coveredelements="268" complexity="0" loc="165" ncloc="165" packages="2" files="11" classes="11"/>
    <package name="components">
      <metrics statements="27" coveredstatements="26" conditionals="19" coveredconditionals="19" methods="10" coveredmethods="10"/>
      <file name="BookCard.tsx" path="/Volumes/ExternalSSD/GitHub/2026-c-02/frontend/src/components/BookCard.tsx">
        <metrics statements="4" coveredstatements="4" conditionals="1" coveredconditionals="1" methods="1" coveredmethods="1"/>
        <line num="8" count="1" type="stmt"/>
        <line num="10" count="1" type="stmt"/>
        <line num="11" count="1" type="stmt"/>
        <line num="17" count="5" type="stmt"/>
      </file>
      <file name="CartSummary.tsx" path="/Volumes/ExternalSSD/GitHub/2026-c-02/frontend/src/components/CartSummary.tsx">
        <metrics statements="7" coveredstatements="7" conditionals="7" coveredconditionals="7" methods="5" coveredmethods="5"/>
        <line num="12" count="3" type="stmt"/>
        <line num="13" count="3" type="stmt"/>
        <line num="25" count="89" type="stmt"/>
        <line num="52" count="99" type="stmt"/>
        <line num="63" count="2" type="stmt"/>
        <line num="74" count="1" type="stmt"/>
        <line num="91" count="1" type="stmt"/>
      </file>
      <file name="EmptyState.tsx" path="/Volumes/ExternalSSD/GitHub/2026-c-02/frontend/src/components/EmptyState.tsx">
        <metrics statements="3" coveredstatements="3" conditionals="3" coveredconditionals="3" methods="1" coveredmethods="1"/>
        <line num="7" count="3" type="stmt"/>
        <line num="8" count="3" type="stmt"/>
        <line num="21" count="14" type="stmt"/>
      </file>
      <file name="ErrorNotice.tsx" path="/Volumes/ExternalSSD/GitHub/2026-c-02/frontend/src/components/ErrorNotice.tsx">
        <metrics statements="7" coveredstatements="6" conditionals="6" coveredconditionals="6" methods="2" coveredmethods="2"/>
        <line num="8" count="2" type="stmt"/>
        <line num="9" count="2" type="stmt"/>
        <line num="10" count="2" type="stmt"/>
        <line num="22" count="4" type="cond" truecount="1" falsecount="0"/>
        <line num="23" count="4" type="stmt"/>
        <line num="25" count="0" type="stmt"/>
        <line num="28" count="4" type="stmt"/>
      </file>
      <file name="Header.tsx" path="/Volumes/ExternalSSD/GitHub/2026-c-02/frontend/src/components/Header.tsx">
        <metrics statements="6" coveredstatements="6" conditionals="2" coveredconditionals="2" methods="1" coveredmethods="1"/>
        <line num="12" count="1" type="stmt"/>
        <line num="13" count="1" type="stmt"/>
        <line num="14" count="1" type="stmt"/>
        <line num="16" count="7" type="stmt"/>
        <line num="17" count="22" type="stmt"/>
        <line num="18" count="22" type="stmt"/>
      </file>
    </package>
    <package name="lib">
      <metrics statements="138" coveredstatements="137" conditionals="41" coveredconditionals="37" methods="39" coveredmethods="39"/>
      <file name="apiClient.ts" path="/Volumes/ExternalSSD/GitHub/2026-c-02/frontend/src/lib/apiClient.ts">
        <metrics statements="28" coveredstatements="28" conditionals="7" coveredconditionals="7" methods="7" coveredmethods="7"/>
        <line num="51" count="3" type="stmt"/>
        <line num="62" count="11" type="stmt"/>
        <line num="63" count="11" type="stmt"/>
        <line num="64" count="11" type="stmt"/>
        <line num="65" count="11" type="stmt"/>
        <line num="66" count="11" type="stmt"/>
        <line num="71" count="3" type="cond" truecount="2" falsecount="0"/>
        <line num="81" count="3" type="stmt"/>
        <line num="89" count="5" type="cond" truecount="2" falsecount="0"/>
        <line num="96" count="10" type="cond" truecount="1" falsecount="0"/>
        <line num="97" count="5" type="stmt"/>
        <line num="100" count="5" type="stmt"/>
        <line num="101" count="5" type="stmt"/>
        <line num="102" count="5" type="stmt"/>
        <line num="107" count="5" type="stmt"/>
        <line num="118" count="11" type="stmt"/>
        <line num="119" count="11" type="stmt"/>
        <line num="125" count="1" type="stmt"/>
        <line num="131" count="10" type="stmt"/>
        <line num="135" count="7" type="stmt"/>
        <line num="136" count="5" type="stmt"/>
        <line num="137" count="2" type="stmt"/>
        <line num="141" count="4" type="stmt"/>
        <line num="142" count="2" type="stmt"/>
        <line num="143" count="1" type="stmt"/>
        <line num="147" count="6" type="stmt"/>
        <line num="151" count="4" type="stmt"/>
        <line num="155" count="2" type="stmt"/>
      </file>
      <file name="calcCartTotal.ts" path="/Volumes/ExternalSSD/GitHub/2026-c-02/frontend/src/lib/calcCartTotal.ts">
        <metrics statements="12" coveredstatements="12" conditionals="1" coveredconditionals="1" methods="3" coveredmethods="3"/>
        <line num="33" count="91" type="stmt"/>
        <line num="37" count="122" type="stmt"/>
        <line num="39" count="91" type="stmt"/>
        <line num="40" count="91" type="stmt"/>
        <line num="42" count="91" type="stmt"/>
        <line num="43" count="101" type="stmt"/>
        <line num="44" count="101" type="cond" truecount="1" falsecount="0"/>
        <line num="46" count="5" type="stmt"/>
        <line num="47" count="5" type="stmt"/>
        <line num="49" count="96" type="stmt"/>
        <line num="58" count="96" type="stmt"/>
        <line num="60" count="91" type="stmt"/>
      </file>
      <file name="cartContext.tsx" path="/Volumes/ExternalSSD/GitHub/2026-c-02/frontend/src/lib/cartContext.tsx">
        <metrics statements="53" coveredstatements="52" conditionals="18" coveredconditionals="14" methods="22" coveredmethods="22"/>
        <line num="21" count="4" type="stmt"/>
        <line num="23" count="36" type="stmt"/>
        <line num="46" count="4" type="stmt"/>
        <line num="50" count="48" type="stmt"/>
        <line num="51" count="48" type="stmt"/>
        <line num="52" count="47" type="cond" truecount="1" falsecount="0"/>
        <line num="54" count="29" type="stmt"/>
        <line num="55" count="28" type="cond" truecount="0" falsecount="1"/>
        <line num="57" count="28" type="stmt"/>
        <line num="58" count="36" type="cond" truecount="2" falsecount="1"/>
        <line num="59" count="36" type="stmt"/>
        <line num="60" count="36" type="stmt"/>
        <line num="70" count="2" type="stmt"/>
        <line num="82" count="88" type="stmt"/>
        <line num="83" count="88" type="cond" truecount="1" falsecount="0"/>
        <line num="84" count="31" type="stmt"/>
        <line num="85" count="31" type="stmt"/>
        <line num="87" count="57" type="stmt"/>
        <line num="93" count="48" type="stmt"/>
        <line num="94" count="136" type="stmt"/>
        <line num="95" count="136" type="stmt"/>
        <line num="98" count="136" type="stmt"/>
        <line num="99" count="48" type="stmt"/>
        <line num="100" count="48" type="stmt"/>
        <line num="104" count="136" type="stmt"/>
        <line num="105" count="136" type="cond" truecount="1" falsecount="0"/>
        <line num="106" count="88" type="stmt"/>
        <line num="109" count="136" type="stmt"/>
        <line num="110" count="20" type="stmt"/>
        <line num="111" count="20" type="stmt"/>
        <line num="112" count="20" type="cond" truecount="1" falsecount="0"/>
        <line num="114" count="3" type="stmt"/>
        <line num="115" count="3" type="cond" truecount="1" falsecount="1"/>
        <line num="120" count="17" type="stmt"/>
        <line num="124" count="136" type="stmt"/>
        <line num="125" count="9" type="stmt"/>
        <line num="127" count="9" type="cond" truecount="1" falsecount="0"/>
        <line num="128" count="6" type="stmt"/>
        <line num="130" count="5" type="stmt"/>
        <line num="131" count="6" type="cond" truecount="2" falsecount="0"/>
        <line num="136" count="136" type="stmt"/>
        <line num="137" count="5" type="stmt"/>
        <line num="141" count="136" type="stmt"/>
        <line num="142" count="8" type="stmt"/>
        <line num="145" count="136" type="stmt"/>
        <line num="146" count="136" type="stmt"/>
        <line num="150" count="136" type="stmt"/>
        <line num="151" count="136" type="stmt"/>
        <line num="166" count="239" type="stmt"/>
        <line num="167" count="239" type="stmt"/>
        <line num="168" count="239" type="cond" truecount="0" falsecount="1"/>
        <line num="169" count="0" type="stmt"/>
        <line num="171" count="239" type="stmt"/>
      </file>
      <file name="formatPrice.ts" path="/Volumes/ExternalSSD/GitHub/2026-c-02/frontend/src/lib/formatPrice.ts">
        <metrics statements="2" coveredstatements="2" conditionals="0" coveredconditionals="0" methods="1" coveredmethods="1"/>
        <line num="7" count="292" type="stmt"/>
        <line num="8" count="292" type="stmt"/>
      </file>
      <file name="lastOrder.ts" path="/Volumes/ExternalSSD/GitHub/2026-c-02/frontend/src/lib/lastOrder.ts">
        <metrics statements="14" coveredstatements="14" conditionals="5" coveredconditionals="5" methods="2" coveredmethods="2"/>
        <line num="12" count="12" type="stmt"/>
        <line num="15" count="6" type="stmt"/>
        <line num="16" count="6" type="stmt"/>
        <line num="17" count="6" type="stmt"/>
        <line num="30" count="12" type="stmt"/>
        <line num="31" count="12" type="stmt"/>
        <line num="32" count="12" type="stmt"/>
        <line num="33" count="12" type="stmt"/>
        <line num="34" count="12" type="cond" truecount="1" falsecount="0"/>
        <line num="36" count="9" type="stmt"/>
        <line num="37" count="8" type="cond" truecount="1" falsecount="0"/>
        <line num="42" count="1" type="stmt"/>
        <line num="44" count="7" type="stmt"/>
        <line num="47" count="1" type="stmt"/>
      </file>
      <file name="validateOrderForm.ts" path="/Volumes/ExternalSSD/GitHub/2026-c-02/frontend/src/lib/validateOrderForm.ts">
        <metrics statements="29" coveredstatements="29" conditionals="10" coveredconditionals="10" methods="4" coveredmethods="4"/>
        <line num="21" count="2" type="stmt"/>
        <line num="22" count="2" type="stmt"/>
        <line num="23" count="2" type="stmt"/>
        <line num="26" count="2" type="stmt"/>
        <line num="45" count="3" type="stmt"/>
        <line num="46" count="33" type="stmt"/>
        <line num="50" count="105" type="stmt"/>
        <line num="51" count="105" type="cond" truecount="1" falsecount="0"/>
        <line num="52" count="89" type="cond" truecount="1" falsecount="0"/>
        <line num="53" count="87" type="stmt"/>
        <line num="56" count="35" type="stmt"/>
        <line num="57" count="35" type="stmt"/>
        <line num="59" count="35" type="stmt"/>
        <line num="60" count="35" type="cond" truecount="1" falsecount="0"/>
        <line num="62" count="35" type="stmt"/>
        <line num="63" count="35" type="cond" truecount="1" falsecount="0"/>
        <line num="65" count="35" type="stmt"/>
        <line num="66" count="35" type="cond" truecount="2" falsecount="0"/>
        <line num="67" count="5" type="stmt"/>
        <line num="68" count="30" type="cond" truecount="1" falsecount="0"/>
        <line num="69" count="7" type="stmt"/>
        <line num="72" count="35" type="stmt"/>
        <line num="79" count="4" type="stmt"/>
        <line num="80" count="4" type="stmt"/>
        <line num="81" count="4" type="stmt"/>
        <line num="82" count="12" type="stmt"/>
        <line num="83" count="12" type="cond" truecount="3" falsecount="0"/>
        <line num="84" count="3" type="stmt"/>
        <line num="87" count="4" type="stmt"/>
      </file>
    </package>
  </project>
</coverage>
