{"/Volumes/ExternalSSD/GitHub/2026-c-02/frontend/src/components/BookCard.tsx": {"path":"/Volumes/ExternalSSD/GitHub/2026-c-02/frontend/src/components/BookCard.tsx","statementMap":{"0":{"start":{"line":17,"column":24},"end":{"line":17,"column":33}},"1":{"start":{"line":8,"column":17},"end":{"line":8,"column":null}},"2":{"start":{"line":10,"column":28},"end":{"line":10,"column":null}},"3":{"start":{"line":11,"column":19},"end":{"line":11,"column":null}}},"fnMap":{"0":{"name":"BookCard","decl":{"start":{"line":17,"column":24},"end":{"line":17,"column":33}},"loc":{"start":{"line":17,"column":56},"end":{"line":38,"column":null}}}},"branchMap":{"0":{"loc":{"start":{"line":23,"column":8},"end":{"line":29,"column":9}},"type":"cond-expr","locations":[{"start":{"line":23,"column":8},"end":{"line":29,"column":9}}]}},"s":{"0":5,"1":1,"2":1,"3":1},"f":{"0":5},"b":{"0":[4]}}
,"/Volumes/ExternalSSD/GitHub/2026-c-02/frontend/src/components/CartSummary.tsx": {"path":"/Volumes/ExternalSSD/GitHub/2026-c-02/frontend/src/components/CartSummary.tsx","statementMap":{"0":{"start":{"line":25,"column":24},"end":{"line":25,"column":36}},"1":{"start":{"line":12,"column":28},"end":{"line":12,"column":null}},"2":{"start":{"line":13,"column":19},"end":{"line":13,"column":null}},"3":{"start":{"line":52,"column":12},"end":{"line":52,"column":null}},"4":{"start":{"line":63,"column":24},"end":{"line":63,"column":null}},"5":{"start":{"line":74,"column":24},"end":{"line":74,"column":null}},"6":{"start":{"line":91,"column":35},"end":{"line":91,"column":null}}},"fnMap":{"0":{"name":"CartSummary","decl":{"start":{"line":25,"column":24},"end":{"line":25,"column":36}},"loc":{"start":{"line":32,"column":19},"end":{"line":117,"column":null}}},"1":{"name":"(anonymous_3)","decl":{"start":{"line":51,"column":21},"end":{"line":51,"column":22}},"loc":{"start":{"line":52,"column":12},"end":{"line":52,"column":null}}},"2":{"name":"(anonymous_4)","decl":{"start":{"line":62,"column":31},"end":{"line":62,"column":null}},"loc":{"start":{"line":63,"column":24},"end":{"line":63,"column":null}}},"3":{"name":"(anonymous_5)","decl":{"start":{"line":73,"column":31},"end":{"line":73,"column":null}},"loc":{"start":{"line":74,"column":24},"end":{"line":74,"column":null}}},"4":{"name":"(anonymous_6)","decl":{"start":{"line":91,"column":29},"end":{"line":91,"column":35}},"loc":{"start":{"line":91,"column":35},"end":{"line":91,"column":null}}}},"branchMap":{"0":{"loc":{"start":{"line":28,"column":2},"end":{"line":28,"column":18}},"type":"default-arg","locations":[{"start":{"line":28,"column":13},"end":{"line":28,"column":18}}]},"1":{"loc":{"start":{"line":36,"column":9},"end":{"line":36,"column":20}},"type":"binary-expr","locations":[{"start":{"line":36,"column":9},"end":{"line":36,"column":20}}]},"2":{"loc":{"start":{"line":47,"column":13},"end":{"line":47,"column":25}},"type":"binary-expr","locations":[{"start":{"line":47,"column":13},"end":{"line":47,"column":25}}]},"3":{"loc":{"start":{"line":57,"column":18},"end":{"line":81,"column":19}},"type":"cond-expr","locations":[{"start":{"line":57,"column":18},"end":{"line":81,"column":19}}]},"4":{"loc":{"start":{"line":85,"column":15},"end":{"line":85,"column":null}},"type":"binary-expr","locations":[{"start":{"line":85,"column":15},"end":{"line":85,"column":null}}]},"5":{"loc":{"start":{"line":108,"column":13},"end":{"line":108,"column":null}},"type":"binary-expr","locations":[{"start":{"line":108,"column":13},"end":{"line":108,"column":25}},{"start":{"line":108,"column":25},"end":{"line":108,"column":null}}]}},"s":{"0":89,"1":3,"2":3,"3":99,"4":2,"5":1,"6":1},"f":{"0":89,"1":99,"2":2,"3":1,"4":1},"b":{"0":[76],"1":[89],"2":[89],"3":[16],"4":[99],"5":[89,13]}}
,"/Volumes/ExternalSSD/GitHub/2026-c-02/frontend/src/components/EmptyState.tsx": {"path":"/Volumes/ExternalSSD/GitHub/2026-c-02/frontend/src/components/EmptyState.tsx","statementMap":{"0":{"start":{"line":21,"column":24},"end":{"line":21,"column":35}},"1":{"start":{"line":7,"column":17},"end":{"line":7,"column":null}},"2":{"start":{"line":8,"column":19},"end":{"line":8,"column":null}}},"fnMap":{"0":{"name":"EmptyState","decl":{"start":{"line":21,"column":24},"end":{"line":21,"column":35}},"loc":{"start":{"line":26,"column":18},"end":{"line":38,"column":null}}}},"branchMap":{"0":{"loc":{"start":{"line":30,"column":7},"end":{"line":30,"column":22}},"type":"binary-expr","locations":[{"start":{"line":30,"column":7},"end":{"line":30,"column":22}}]},"1":{"loc":{"start":{"line":31,"column":7},"end":{"line":31,"column":21}},"type":"binary-expr","locations":[{"start":{"line":31,"column":7},"end":{"line":31,"column":21}},{"start":{"line":31,"column":21},"end":{"line":31,"column":null}}]}},"s":{"0":14,"1":3,"2":3},"f":{"0":14},"b":{"0":[14],"1":[14,14]}}
,"/Volumes/ExternalSSD/GitHub/2026-c-02/frontend/src/components/ErrorNotice.tsx": {"path":"/Volumes/ExternalSSD/GitHub/2026-c-02/frontend/src/components/ErrorNotice.tsx","statementMap":{"0":{"start":{"line":28,"column":24},"end":{"line":28,"column":36}},"1":{"start":{"line":8,"column":17},"end":{"line":8,"column":null}},"2":{"start":{"line":9,"column":31},"end":{"line":9,"column":null}},"3":{"start":{"line":10,"column":19},"end":{"line":10,"column":null}},"4":{"start":{"line":22,"column":2},"end":{"line":24,"column":null}},"5":{"start":{"line":23,"column":4},"end":{"line":23,"column":null}},"6":{"start":{"line":25,"column":2},"end":{"line":25,"column":null}}},"fnMap":{"0":{"name":"toMessage","decl":{"start":{"line":21,"column":9},"end":{"line":21,"column":19}},"loc":{"start":{"line":21,"column":33},"end":{"line":26,"column":null}}},"1":{"name":"ErrorNotice","decl":{"start":{"line":28,"column":24},"end":{"line":28,"column":36}},"loc":{"start":{"line":32,"column":19},"end":{"line":52,"column":null}}}},"branchMap":{"0":{"loc":{"start":{"line":22,"column":2},"end":{"line":24,"column":null}},"type":"if","locations":[{"start":{"line":22,"column":2},"end":{"line":24,"column":null}}]},"1":{"loc":{"start":{"line":31,"column":2},"end":{"line":31,"column":24}},"type":"default-arg","locations":[{"start":{"line":31,"column":19},"end":{"line":31,"column":24}}]},"2":{"loc":{"start":{"line":36,"column":8},"end":{"line":36,"column":19}},"type":"binary-expr","locations":[{"start":{"line":36,"column":8},"end":{"line":36,"column":19}},{"start":{"line":36,"column":19},"end":{"line":36,"column":32}}]},"3":{"loc":{"start":{"line":38,"column":11},"end":{"line":38,"column":null}},"type":"binary-expr","locations":[{"start":{"line":38,"column":11},"end":{"line":38,"column":null}}]},"4":{"loc":{"start":{"line":43,"column":11},"end":{"line":43,"column":null}},"type":"binary-expr","locations":[{"start":{"line":43,"column":11},"end":{"line":43,"column":null}}]}},"s":{"0":4,"1":2,"2":2,"3":2,"4":4,"5":4,"6":0},"f":{"0":4,"1":4},"b":{"0":[4],"1":[3],"2":[4,3],"3":[1],"4":[1]}}
,"/Volumes/ExternalSSD/GitHub/2026-c-02/frontend/src/components/Header.tsx": {"path":"/Volumes/ExternalSSD/GitHub/2026-c-02/frontend/src/components/Header.tsx","statementMap":{"0":{"start":{"line":16,"column":24},"end":{"line":16,"column":null}},"1":{"start":{"line":12,"column":17},"end":{"line":12,"column":null}},"2":{"start":{"line":13,"column":24},"end":{"line":13,"column":null}},"3":{"start":{"line":14,"column":19},"end":{"line":14,"column":null}},"4":{"start":{"line":17,"column":28},"end":{"line":17,"column":null}},"5":{"start":{"line":18,"column":18},"end":{"line":18,"column":null}}},"fnMap":{"0":{"name":"Header","decl":{"start":{"line":16,"column":24},"end":{"line":16,"column":null}},"loc":{"start":{"line":16,"column":24},"end":{"line":40,"column":null}}}},"branchMap":{"0":{"loc":{"start":{"line":30,"column":42},"end":{"line":30,"column":75}},"type":"cond-expr","locations":[{"start":{"line":30,"column":52},"end":{"line":30,"column":69}},{"start":{"line":30,"column":72},"end":{"line":30,"column":75}}]}},"s":{"0":7,"1":1,"2":1,"3":1,"4":22,"5":22},"f":{"0":22},"b":{"0":[14,8]}}
,"/Volumes/ExternalSSD/GitHub/2026-c-02/frontend/src/lib/apiClient.ts": {"path":"/Volumes/ExternalSSD/GitHub/2026-c-02/frontend/src/lib/apiClient.ts","statementMap":{"0":{"start":{"line":51,"column":13},"end":{"line":51,"column":27}},"1":{"start":{"line":147,"column":22},"end":{"line":147,"column":33}},"2":{"start":{"line":141,"column":22},"end":{"line":141,"column":31}},"3":{"start":{"line":135,"column":22},"end":{"line":135,"column":32}},"4":{"start":{"line":62,"column":4},"end":{"line":62,"column":null}},"5":{"start":{"line":63,"column":4},"end":{"line":63,"column":null}},"6":{"start":{"line":64,"column":4},"end":{"line":64,"column":null}},"7":{"start":{"line":65,"column":4},"end":{"line":65,"column":null}},"8":{"start":{"line":66,"column":4},"end":{"line":66,"column":null}},"9":{"start":{"line":71,"column":2},"end":{"line":71,"column":null}},"10":{"start":{"line":81,"column":36},"end":{"line":86,"column":null}},"11":{"start":{"line":89,"column":2},"end":{"line":91,"column":null}},"12":{"start":{"line":96,"column":2},"end":{"line":98,"column":null}},"13":{"start":{"line":97,"column":4},"end":{"line":97,"column":null}},"14":{"start":{"line":100,"column":24},"end":{"line":100,"column":null}},"15":{"start":{"line":101,"column":2},"end":{"line":105,"column":null}},"16":{"start":{"line":102,"column":4},"end":{"line":102,"column":null}},"17":{"start":{"line":107,"column":2},"end":{"line":111,"column":null}},"18":{"start":{"line":118,"column":2},"end":{"line":130,"column":null}},"19":{"start":{"line":119,"column":4},"end":{"line":123,"column":null}},"20":{"start":{"line":125,"column":4},"end":{"line":128,"column":null}},"21":{"start":{"line":131,"column":2},"end":{"line":131,"column":null}},"22":{"start":{"line":136,"column":15},"end":{"line":136,"column":null}},"23":{"start":{"line":137,"column":2},"end":{"line":137,"column":null}},"24":{"start":{"line":142,"column":15},"end":{"line":142,"column":null}},"25":{"start":{"line":143,"column":2},"end":{"line":143,"column":null}},"26":{"start":{"line":151,"column":15},"end":{"line":154,"column":null}},"27":{"start":{"line":155,"column":2},"end":{"line":155,"column":null}}},"fnMap":{"0":{"name":"(anonymous_5)","decl":{"start":{"line":56,"column":2},"end":{"line":56,"column":null}},"loc":{"start":{"line":61,"column":4},"end":{"line":67,"column":null}}},"1":{"name":"toApiErrorCode","decl":{"start":{"line":88,"column":9},"end":{"line":88,"column":24}},"loc":{"start":{"line":88,"column":38},"end":{"line":92,"column":null}}},"2":{"name":"parse","decl":{"start":{"line":95,"column":15},"end":{"line":95,"column":24}},"loc":{"start":{"line":95,"column":42},"end":{"line":113,"column":null}}},"3":{"name":"request","decl":{"start":{"line":116,"column":15},"end":{"line":116,"column":26}},"loc":{"start":{"line":116,"column":58},"end":{"line":132,"column":null}}},"4":{"name":"fetchBooks","decl":{"start":{"line":135,"column":22},"end":{"line":135,"column":32}},"loc":{"start":{"line":135,"column":22},"end":{"line":138,"column":null}}},"5":{"name":"fetchBook","decl":{"start":{"line":141,"column":22},"end":{"line":141,"column":31}},"loc":{"start":{"line":141,"column":51},"end":{"line":144,"column":null}}},"6":{"name":"createOrder","decl":{"start":{"line":147,"column":22},"end":{"line":147,"column":33}},"loc":{"start":{"line":149,"column":25},"end":{"line":156,"column":null}}}},"branchMap":{"0":{"loc":{"start":{"line":71,"column":2},"end":{"line":71,"column":null}},"type":"binary-expr","locations":[{"start":{"line":71,"column":2},"end":{"line":71,"column":33}},{"start":{"line":71,"column":37},"end":{"line":71,"column":null}}]},"1":{"loc":{"start":{"line":89,"column":9},"end":{"line":91,"column":null}},"type":"cond-expr","locations":[{"start":{"line":90,"column":7},"end":{"line":90,"column":null}},{"start":{"line":91,"column":6},"end":{"line":91,"column":null}}]},"2":{"loc":{"start":{"line":96,"column":2},"end":{"line":98,"column":null}},"type":"if","locations":[{"start":{"line":96,"column":2},"end":{"line":98,"column":null}}]},"3":{"loc":{"start":{"line":110,"column":4},"end":{"line":110,"column":null}},"type":"binary-expr","locations":[{"start":{"line":110,"column":4},"end":{"line":110,"column":27}},{"start":{"line":110,"column":27},"end":{"line":110,"column":null}}]}},"s":{"0":3,"1":6,"2":4,"3":7,"4":11,"5":11,"6":11,"7":11,"8":11,"9":3,"10":3,"11":5,"12":10,"13":5,"14":5,"15":5,"16":5,"17":5,"18":11,"19":11,"20":1,"21":10,"22":5,"23":2,"24":2,"25":1,"26":4,"27":2},"f":{"0":11,"1":5,"2":10,"3":11,"4":5,"5":2,"6":4},"b":{"0":[3,3],"1":[3,2],"2":[5],"3":[5,1]}}
,"/Volumes/ExternalSSD/GitHub/2026-c-02/frontend/src/lib/calcCartTotal.ts": {"path":"/Volumes/ExternalSSD/GitHub/2026-c-02/frontend/src/lib/calcCartTotal.ts","statementMap":{"0":{"start":{"line":33,"column":16},"end":{"line":33,"column":null}},"1":{"start":{"line":37,"column":19},"end":{"line":37,"column":null}},"2":{"start":{"line":37,"column":47},"end":{"line":37,"column":null}},"3":{"start":{"line":39,"column":28},"end":{"line":39,"column":30}},"4":{"start":{"line":40,"column":39},"end":{"line":40,"column":41}},"5":{"start":{"line":42,"column":2},"end":{"line":56,"column":null}},"6":{"start":{"line":43,"column":17},"end":{"line":43,"column":null}},"7":{"start":{"line":44,"column":4},"end":{"line":48,"column":null}},"8":{"start":{"line":46,"column":6},"end":{"line":46,"column":null}},"9":{"start":{"line":47,"column":6},"end":{"line":47,"column":null}},"10":{"start":{"line":49,"column":4},"end":{"line":55,"column":null}},"11":{"start":{"line":58,"column":16},"end":{"line":58,"column":null}},"12":{"start":{"line":58,"column":44},"end":{"line":58,"column":63}},"13":{"start":{"line":60,"column":2},"end":{"line":60,"column":null}}},"fnMap":{"0":{"name":"calcCartTotal","decl":{"start":{"line":33,"column":16},"end":{"line":33,"column":null}},"loc":{"start":{"line":35,"column":22},"end":{"line":61,"column":null}}},"1":{"name":"(anonymous_2)","decl":{"start":{"line":37,"column":37},"end":{"line":37,"column":38}},"loc":{"start":{"line":37,"column":47},"end":{"line":37,"column":null}}},"2":{"name":"(anonymous_3)","decl":{"start":{"line":58,"column":29},"end":{"line":58,"column":30}},"loc":{"start":{"line":58,"column":44},"end":{"line":58,"column":63}}}},"branchMap":{"0":{"loc":{"start":{"line":44,"column":4},"end":{"line":48,"column":null}},"type":"if","locations":[{"start":{"line":44,"column":4},"end":{"line":48,"column":null}}]}},"s":{"0":91,"1":91,"2":122,"3":91,"4":91,"5":91,"6":101,"7":101,"8":5,"9":5,"10":96,"11":91,"12":96,"13":91},"f":{"0":91,"1":122,"2":96},"b":{"0":[5]}}
,"/Volumes/ExternalSSD/GitHub/2026-c-02/frontend/src/lib/cartContext.tsx": {"path":"/Volumes/ExternalSSD/GitHub/2026-c-02/frontend/src/lib/cartContext.tsx","statementMap":{"0":{"start":{"line":23,"column":13},"end":{"line":23,"column":29}},"1":{"start":{"line":93,"column":16},"end":{"line":93,"column":28}},"2":{"start":{"line":166,"column":16},"end":{"line":166,"column":23}},"3":{"start":{"line":21,"column":7},"end":{"line":21,"column":null}},"4":{"start":{"line":23,"column":32},"end":{"line":23,"column":null}},"5":{"start":{"line":46,"column":20},"end":{"line":46,"column":null}},"6":{"start":{"line":50,"column":2},"end":{"line":71,"column":null}},"7":{"start":{"line":51,"column":16},"end":{"line":51,"column":null}},"8":{"start":{"line":52,"column":4},"end":{"line":52,"column":null}},"9":{"start":{"line":52,"column":14},"end":{"line":52,"column":null}},"10":{"start":{"line":54,"column":28},"end":{"line":54,"column":null}},"11":{"start":{"line":55,"column":4},"end":{"line":55,"column":null}},"12":{"start":{"line":55,"column":32},"end":{"line":55,"column":null}},"13":{"start":{"line":57,"column":4},"end":{"line":66,"column":null}},"14":{"start":{"line":58,"column":6},"end":{"line":58,"column":null}},"15":{"start":{"line":58,"column":55},"end":{"line":58,"column":null}},"16":{"start":{"line":59,"column":35},"end":{"line":59,"column":null}},"17":{"start":{"line":60,"column":6},"end":{"line":64,"column":null}},"18":{"start":{"line":70,"column":4},"end":{"line":70,"column":null}},"19":{"start":{"line":82,"column":2},"end":{"line":90,"column":null}},"20":{"start":{"line":83,"column":4},"end":{"line":86,"column":null}},"21":{"start":{"line":84,"column":6},"end":{"line":84,"column":null}},"22":{"start":{"line":85,"column":6},"end":{"line":85,"column":null}},"23":{"start":{"line":87,"column":4},"end":{"line":87,"column":null}},"24":{"start":{"line":94,"column":28},"end":{"line":94,"column":null}},"25":{"start":{"line":95,"column":38},"end":{"line":95,"column":null}},"26":{"start":{"line":98,"column":2},"end":{"line":101,"column":null}},"27":{"start":{"line":99,"column":4},"end":{"line":99,"column":null}},"28":{"start":{"line":100,"column":4},"end":{"line":100,"column":null}},"29":{"start":{"line":104,"column":2},"end":{"line":107,"column":null}},"30":{"start":{"line":105,"column":4},"end":{"line":105,"column":null}},"31":{"start":{"line":105,"column":21},"end":{"line":105,"column":null}},"32":{"start":{"line":106,"column":4},"end":{"line":106,"column":null}},"33":{"start":{"line":109,"column":18},"end":{"line":122,"column":null}},"34":{"start":{"line":110,"column":4},"end":{"line":121,"column":null}},"35":{"start":{"line":111,"column":23},"end":{"line":111,"column":null}},"36":{"start":{"line":111,"column":43},"end":{"line":111,"column":null}},"37":{"start":{"line":112,"column":6},"end":{"line":119,"column":null}},"38":{"start":{"line":114,"column":8},"end":{"line":117,"column":null}},"39":{"start":{"line":115,"column":10},"end":{"line":117,"column":null}},"40":{"start":{"line":120,"column":6},"end":{"line":120,"column":null}},"41":{"start":{"line":124,"column":22},"end":{"line":134,"column":null}},"42":{"start":{"line":125,"column":4},"end":{"line":133,"column":null}},"43":{"start":{"line":127,"column":6},"end":{"line":129,"column":null}},"44":{"start":{"line":128,"column":8},"end":{"line":128,"column":null}},"45":{"start":{"line":128,"column":37},"end":{"line":128,"column":null}},"46":{"start":{"line":130,"column":6},"end":{"line":131,"column":null}},"47":{"start":{"line":131,"column":8},"end":{"line":131,"column":null}},"48":{"start":{"line":136,"column":21},"end":{"line":138,"column":null}},"49":{"start":{"line":137,"column":4},"end":{"line":137,"column":null}},"50":{"start":{"line":137,"column":23},"end":{"line":137,"column":null}},"51":{"start":{"line":137,"column":45},"end":{"line":137,"column":null}},"52":{"start":{"line":141,"column":20},"end":{"line":143,"column":null}},"53":{"start":{"line":142,"column":4},"end":{"line":142,"column":null}},"54":{"start":{"line":145,"column":24},"end":{"line":147,"column":null}},"55":{"start":{"line":146,"column":10},"end":{"line":146,"column":null}},"56":{"start":{"line":146,"column":38},"end":{"line":146,"column":57}},"57":{"start":{"line":150,"column":16},"end":{"line":160,"column":null}},"58":{"start":{"line":151,"column":11},"end":{"line":159,"column":null}},"59":{"start":{"line":167,"column":18},"end":{"line":167,"column":null}},"60":{"start":{"line":168,"column":2},"end":{"line":170,"column":null}},"61":{"start":{"line":169,"column":4},"end":{"line":169,"column":null}},"62":{"start":{"line":171,"column":2},"end":{"line":171,"column":null}}},"fnMap":{"0":{"name":"readStorage","decl":{"start":{"line":49,"column":9},"end":{"line":49,"column":null}},"loc":{"start":{"line":49,"column":9},"end":{"line":72,"column":null}}},"1":{"name":"(anonymous_5)","decl":{"start":{"line":57,"column":25},"end":{"line":57,"column":26}},"loc":{"start":{"line":57,"column":26},"end":{"line":66,"column":null}}},"2":{"name":"writeStorage","decl":{"start":{"line":81,"column":9},"end":{"line":81,"column":22}},"loc":{"start":{"line":81,"column":39},"end":{"line":91,"column":null}}},"3":{"name":"CartProvider","decl":{"start":{"line":93,"column":16},"end":{"line":93,"column":28}},"loc":{"start":{"line":93,"column":72},"end":{"line":164,"column":null}}},"4":{"name":"(anonymous_8)","decl":{"start":{"line":98,"column":12},"end":{"line":98,"column":null}},"loc":{"start":{"line":98,"column":12},"end":{"line":101,"column":5}}},"5":{"name":"(anonymous_9)","decl":{"start":{"line":104,"column":12},"end":{"line":104,"column":null}},"loc":{"start":{"line":104,"column":12},"end":{"line":107,"column":5}}},"6":{"name":"(anonymous_10)","decl":{"start":{"line":109,"column":30},"end":{"line":109,"column":31}},"loc":{"start":{"line":109,"column":31},"end":{"line":122,"column":5}}},"7":{"name":"(anonymous_11)","decl":{"start":{"line":110,"column":13},"end":{"line":110,"column":14}},"loc":{"start":{"line":110,"column":14},"end":{"line":121,"column":null}}},"8":{"name":"(anonymous_12)","decl":{"start":{"line":111,"column":33},"end":{"line":111,"column":34}},"loc":{"start":{"line":111,"column":43},"end":{"line":111,"column":null}}},"9":{"name":"(anonymous_13)","decl":{"start":{"line":114,"column":24},"end":{"line":114,"column":25}},"loc":{"start":{"line":115,"column":10},"end":{"line":117,"column":null}}},"10":{"name":"(anonymous_14)","decl":{"start":{"line":124,"column":34},"end":{"line":124,"column":35}},"loc":{"start":{"line":124,"column":51},"end":{"line":134,"column":5}}},"11":{"name":"(anonymous_15)","decl":{"start":{"line":125,"column":13},"end":{"line":125,"column":14}},"loc":{"start":{"line":125,"column":14},"end":{"line":133,"column":null}}},"12":{"name":"(anonymous_16)","decl":{"start":{"line":128,"column":27},"end":{"line":128,"column":28}},"loc":{"start":{"line":128,"column":37},"end":{"line":128,"column":null}}},"13":{"name":"(anonymous_17)","decl":{"start":{"line":130,"column":22},"end":{"line":130,"column":23}},"loc":{"start":{"line":131,"column":8},"end":{"line":131,"column":null}}},"14":{"name":"(anonymous_18)","decl":{"start":{"line":136,"column":33},"end":{"line":136,"column":34}},"loc":{"start":{"line":136,"column":34},"end":{"line":138,"column":5}}},"15":{"name":"(anonymous_19)","decl":{"start":{"line":137,"column":13},"end":{"line":137,"column":14}},"loc":{"start":{"line":137,"column":23},"end":{"line":137,"column":null}}},"16":{"name":"(anonymous_20)","decl":{"start":{"line":137,"column":35},"end":{"line":137,"column":36}},"loc":{"start":{"line":137,"column":45},"end":{"line":137,"column":null}}},"17":{"name":"(anonymous_21)","decl":{"start":{"line":141,"column":32},"end":{"line":141,"column":null}},"loc":{"start":{"line":141,"column":32},"end":{"line":143,"column":5}}},"18":{"name":"(anonymous_22)","decl":{"start":{"line":146,"column":4},"end":{"line":146,"column":10}},"loc":{"start":{"line":146,"column":10},"end":{"line":146,"column":null}}},"19":{"name":"(anonymous_23)","decl":{"start":{"line":146,"column":23},"end":{"line":146,"column":24}},"loc":{"start":{"line":146,"column":38},"end":{"line":146,"column":57}}},"20":{"name":"(anonymous_24)","decl":{"start":{"line":151,"column":4},"end":{"line":151,"column":11}},"loc":{"start":{"line":151,"column":11},"end":{"line":159,"column":null}}},"21":{"name":"useCart","decl":{"start":{"line":166,"column":16},"end":{"line":166,"column":23}},"loc":{"start":{"line":166,"column":16},"end":{"line":172,"column":null}}}},"branchMap":{"0":{"loc":{"start":{"line":52,"column":4},"end":{"line":52,"column":null}},"type":"if","locations":[{"start":{"line":52,"column":4},"end":{"line":52,"column":null}}]},"1":{"loc":{"start":{"line":55,"column":4},"end":{"line":55,"column":null}},"type":"if","locations":[{"start":{"line":55,"column":4},"end":{"line":55,"column":null}}]},"2":{"loc":{"start":{"line":58,"column":6},"end":{"line":58,"column":null}},"type":"if","locations":[{"start":{"line":58,"column":6},"end":{"line":58,"column":null}}]},"3":{"loc":{"start":{"line":58,"column":10},"end":{"line":58,"column":55}},"type":"binary-expr","locations":[{"start":{"line":58,"column":10},"end":{"line":58,"column":39}},{"start":{"line":58,"column":39},"end":{"line":58,"column":55}}]},"4":{"loc":{"start":{"line":61,"column":8},"end":{"line":64,"column":null}},"type":"binary-expr","locations":[{"start":{"line":61,"column":8},"end":{"line":61,"column":null}},{"start":{"line":62,"column":8},"end":{"line":62,"column":null}},{"start":{"line":63,"column":8},"end":{"line":63,"column":null}},{"start":{"line":64,"column":8},"end":{"line":64,"column":null}}]},"5":{"loc":{"start":{"line":83,"column":4},"end":{"line":86,"column":null}},"type":"if","locations":[{"start":{"line":83,"column":4},"end":{"line":86,"column":null}}]},"6":{"loc":{"start":{"line":105,"column":4},"end":{"line":105,"column":null}},"type":"if","locations":[{"start":{"line":105,"column":4},"end":{"line":105,"column":null}}]},"7":{"loc":{"start":{"line":112,"column":6},"end":{"line":119,"column":null}},"type":"if","locations":[{"start":{"line":112,"column":6},"end":{"line":119,"column":null}}]},"8":{"loc":{"start":{"line":115,"column":10},"end":{"line":117,"column":null}},"type":"cond-expr","locations":[{"start":{"line":116,"column":14},"end":{"line":116,"column":null}},{"start":{"line":117,"column":14},"end":{"line":117,"column":null}}]},"9":{"loc":{"start":{"line":127,"column":6},"end":{"line":129,"column":null}},"type":"if","locations":[{"start":{"line":127,"column":6},"end":{"line":129,"column":null}}]},"10":{"loc":{"start":{"line":131,"column":8},"end":{"line":131,"column":null}},"type":"cond-expr","locations":[{"start":{"line":131,"column":33},"end":{"line":131,"column":57}},{"start":{"line":131,"column":57},"end":{"line":131,"column":null}}]},"11":{"loc":{"start":{"line":168,"column":2},"end":{"line":170,"column":null}},"type":"if","locations":[{"start":{"line":168,"column":2},"end":{"line":170,"column":null}}]}},"s":{"0":36,"1":48,"2":239,"3":4,"4":4,"5":4,"6":48,"7":48,"8":47,"9":18,"10":29,"11":28,"12":0,"13":28,"14":36,"15":0,"16":36,"17":36,"18":2,"19":88,"20":88,"21":31,"22":31,"23":57,"24":136,"25":136,"26":136,"27":48,"28":48,"29":136,"30":136,"31":48,"32":88,"33":136,"34":20,"35":20,"36":6,"37":20,"38":3,"39":3,"40":17,"41":136,"42":9,"43":9,"44":4,"45":6,"46":5,"47":6,"48":136,"49":3,"50":3,"51":5,"52":136,"53":8,"54":136,"55":136,"56":67,"57":136,"58":136,"59":239,"60":239,"61":0,"62":239},"f":{"0":48,"1":36,"2":88,"3":136,"4":48,"5":136,"6":20,"7":20,"8":6,"9":3,"10":9,"11":9,"12":6,"13":6,"14":3,"15":3,"16":5,"17":8,"18":136,"19":67,"20":136,"21":239},"b":{"0":[18],"1":[0],"2":[0],"3":[36,36],"4":[36,35,35,35],"5":[31],"6":[48],"7":[3],"8":[3,0],"9":[4],"10":[5,1],"11":[0]}}
,"/Volumes/ExternalSSD/GitHub/2026-c-02/frontend/src/lib/formatPrice.ts": {"path":"/Volumes/ExternalSSD/GitHub/2026-c-02/frontend/src/lib/formatPrice.ts","statementMap":{"0":{"start":{"line":7,"column":16},"end":{"line":7,"column":28}},"1":{"start":{"line":8,"column":2},"end":{"line":8,"column":null}}},"fnMap":{"0":{"name":"formatPrice","decl":{"start":{"line":7,"column":16},"end":{"line":7,"column":28}},"loc":{"start":{"line":7,"column":42},"end":{"line":9,"column":null}}}},"branchMap":{},"s":{"0":292,"1":292},"f":{"0":292},"b":{}}
,"/Volumes/ExternalSSD/GitHub/2026-c-02/frontend/src/lib/lastOrder.ts": {"path":"/Volumes/ExternalSSD/GitHub/2026-c-02/frontend/src/lib/lastOrder.ts","statementMap":{"0":{"start":{"line":12,"column":13},"end":{"line":12,"column":35}},"1":{"start":{"line":30,"column":16},"end":{"line":30,"column":32}},"2":{"start":{"line":15,"column":16},"end":{"line":15,"column":29}},"3":{"start":{"line":12,"column":38},"end":{"line":12,"column":null}},"4":{"start":{"line":16,"column":2},"end":{"line":23,"column":null}},"5":{"start":{"line":17,"column":4},"end":{"line":19,"column":null}},"6":{"start":{"line":31,"column":2},"end":{"line":48,"column":null}},"7":{"start":{"line":32,"column":16},"end":{"line":32,"column":null}},"8":{"start":{"line":33,"column":4},"end":{"line":33,"column":null}},"9":{"start":{"line":34,"column":4},"end":{"line":34,"column":null}},"10":{"start":{"line":34,"column":14},"end":{"line":34,"column":null}},"11":{"start":{"line":36,"column":28},"end":{"line":36,"column":null}},"12":{"start":{"line":37,"column":4},"end":{"line":43,"column":null}},"13":{"start":{"line":42,"column":6},"end":{"line":42,"column":null}},"14":{"start":{"line":44,"column":4},"end":{"line":44,"column":null}},"15":{"start":{"line":47,"column":4},"end":{"line":47,"column":null}}},"fnMap":{"0":{"name":"saveLastOrder","decl":{"start":{"line":15,"column":16},"end":{"line":15,"column":29}},"loc":{"start":{"line":15,"column":48},"end":{"line":24,"column":null}}},"1":{"name":"consumeLastOrder","decl":{"start":{"line":30,"column":16},"end":{"line":30,"column":32}},"loc":{"start":{"line":30,"column":16},"end":{"line":49,"column":null}}}},"branchMap":{"0":{"loc":{"start":{"line":34,"column":4},"end":{"line":34,"column":null}},"type":"if","locations":[{"start":{"line":34,"column":4},"end":{"line":34,"column":null}}]},"1":{"loc":{"start":{"line":37,"column":4},"end":{"line":43,"column":null}},"type":"if","locations":[{"start":{"line":37,"column":4},"end":{"line":43,"column":null}}]},"2":{"loc":{"start":{"line":38,"column":6},"end":{"line":40,"column":null}},"type":"binary-expr","locations":[{"start":{"line":38,"column":6},"end":{"line":38,"column":null}},{"start":{"line":39,"column":6},"end":{"line":39,"column":null}},{"start":{"line":40,"column":6},"end":{"line":40,"column":null}}]}},"s":{"0":12,"1":12,"2":6,"3":2,"4":6,"5":6,"6":12,"7":12,"8":12,"9":12,"10":3,"11":9,"12":8,"13":1,"14":7,"15":1},"f":{"0":6,"1":12},"b":{"0":[3],"1":[1],"2":[8,8,8]}}
,"/Volumes/ExternalSSD/GitHub/2026-c-02/frontend/src/lib/validateOrderForm.ts": {"path":"/Volumes/ExternalSSD/GitHub/2026-c-02/frontend/src/lib/validateOrderForm.ts","statementMap":{"0":{"start":{"line":22,"column":13},"end":{"line":22,"column":31}},"1":{"start":{"line":23,"column":13},"end":{"line":23,"column":29}},"2":{"start":{"line":21,"column":13},"end":{"line":21,"column":28}},"3":{"start":{"line":45,"column":16},"end":{"line":45,"column":28}},"4":{"start":{"line":79,"column":16},"end":{"line":79,"column":28}},"5":{"start":{"line":56,"column":16},"end":{"line":56,"column":33}},"6":{"start":{"line":21,"column":31},"end":{"line":21,"column":null}},"7":{"start":{"line":22,"column":34},"end":{"line":22,"column":null}},"8":{"start":{"line":23,"column":32},"end":{"line":23,"column":null}},"9":{"start":{"line":26,"column":79},"end":{"line":42,"column":null}},"10":{"start":{"line":46,"column":2},"end":{"line":46,"column":null}},"11":{"start":{"line":50,"column":18},"end":{"line":50,"column":null}},"12":{"start":{"line":51,"column":2},"end":{"line":51,"column":null}},"13":{"start":{"line":51,"column":28},"end":{"line":51,"column":null}},"14":{"start":{"line":52,"column":2},"end":{"line":52,"column":null}},"15":{"start":{"line":52,"column":34},"end":{"line":52,"column":null}},"16":{"start":{"line":53,"column":2},"end":{"line":53,"column":null}},"17":{"start":{"line":57,"column":34},"end":{"line":57,"column":null}},"18":{"start":{"line":59,"column":20},"end":{"line":59,"column":null}},"19":{"start":{"line":60,"column":2},"end":{"line":60,"column":null}},"20":{"start":{"line":60,"column":17},"end":{"line":60,"column":null}},"21":{"start":{"line":62,"column":23},"end":{"line":62,"column":null}},"22":{"start":{"line":63,"column":2},"end":{"line":63,"column":null}},"23":{"start":{"line":63,"column":20},"end":{"line":63,"column":null}},"24":{"start":{"line":65,"column":21},"end":{"line":65,"column":null}},"25":{"start":{"line":66,"column":2},"end":{"line":70,"column":null}},"26":{"start":{"line":67,"column":4},"end":{"line":67,"column":null}},"27":{"start":{"line":68,"column":9},"end":{"line":70,"column":null}},"28":{"start":{"line":69,"column":4},"end":{"line":69,"column":null}},"29":{"start":{"line":72,"column":2},"end":{"line":72,"column":null}},"30":{"start":{"line":80,"column":34},"end":{"line":80,"column":null}},"31":{"start":{"line":81,"column":2},"end":{"line":86,"column":null}},"32":{"start":{"line":82,"column":17},"end":{"line":82,"column":28}},"33":{"start":{"line":83,"column":4},"end":{"line":85,"column":null}},"34":{"start":{"line":84,"column":6},"end":{"line":84,"column":null}},"35":{"start":{"line":87,"column":2},"end":{"line":87,"column":null}}},"fnMap":{"0":{"name":"isValidEmail","decl":{"start":{"line":45,"column":16},"end":{"line":45,"column":28}},"loc":{"start":{"line":45,"column":42},"end":{"line":47,"column":null}}},"1":{"name":"checkText","decl":{"start":{"line":49,"column":9},"end":{"line":49,"column":19}},"loc":{"start":{"line":49,"column":51},"end":{"line":54,"column":null}}},"2":{"name":"validateOrderForm","decl":{"start":{"line":56,"column":16},"end":{"line":56,"column":33}},"loc":{"start":{"line":56,"column":55},"end":{"line":73,"column":null}}},"3":{"name":"toFormErrors","decl":{"start":{"line":79,"column":16},"end":{"line":79,"column":28}},"loc":{"start":{"line":79,"column":60},"end":{"line":88,"column":null}}}},"branchMap":{"0":{"loc":{"start":{"line":51,"column":2},"end":{"line":51,"column":null}},"type":"if","locations":[{"start":{"line":51,"column":2},"end":{"line":51,"column":null}}]},"1":{"loc":{"start":{"line":52,"column":2},"end":{"line":52,"column":null}},"type":"if","locations":[{"start":{"line":52,"column":2},"end":{"line":52,"column":null}}]},"2":{"loc":{"start":{"line":60,"column":2},"end":{"line":60,"column":null}},"type":"if","locations":[{"start":{"line":60,"column":2},"end":{"line":60,"column":null}}]},"3":{"loc":{"start":{"line":63,"column":2},"end":{"line":63,"column":null}},"type":"if","locations":[{"start":{"line":63,"column":2},"end":{"line":63,"column":null}}]},"4":{"loc":{"start":{"line":66,"column":2},"end":{"line":70,"column":null}},"type":"if","locations":[{"start":{"line":66,"column":2},"end":{"line":70,"column":null}},{"start":{"line":68,"column":9},"end":{"line":70,"column":null}}]},"5":{"loc":{"start":{"line":68,"column":9},"end":{"line":70,"column":null}},"type":"if","locations":[{"start":{"line":68,"column":9},"end":{"line":70,"column":null}}]},"6":{"loc":{"start":{"line":83,"column":4},"end":{"line":85,"column":null}},"type":"if","locations":[{"start":{"line":83,"column":4},"end":{"line":85,"column":null}}]},"7":{"loc":{"start":{"line":83,"column":8},"end":{"line":83,"column":57}},"type":"binary-expr","locations":[{"start":{"line":83,"column":8},"end":{"line":83,"column":36}},{"start":{"line":83,"column":36},"end":{"line":83,"column":57}}]}},"s":{"0":0,"1":0,"2":0,"3":3,"4":4,"5":35,"6":2,"7":2,"8":2,"9":2,"10":33,"11":105,"12":105,"13":16,"14":89,"15":2,"16":87,"17":35,"18":35,"19":35,"20":7,"21":35,"22":35,"23":6,"24":35,"25":35,"26":5,"27":30,"28":7,"29":35,"30":4,"31":4,"32":12,"33":12,"34":3,"35":4},"f":{"0":33,"1":105,"2":35,"3":4},"b":{"0":[16],"1":[2],"2":[7],"3":[6],"4":[5,30],"5":[7],"6":[3],"7":[12,4]}}
}
