{"/app/src/app/checkout/page.tsx": {"path":"/app/src/app/checkout/page.tsx","statementMap":{"0":{"start":{"line":24,"column":24},"end":{"line":24,"column":null}},"1":{"start":{"line":3,"column":36},"end":{"line":3,"column":null}},"2":{"start":{"line":4,"column":26},"end":{"line":4,"column":null}},"3":{"start":{"line":5,"column":24},"end":{"line":5,"column":null}},"4":{"start":{"line":6,"column":25},"end":{"line":6,"column":null}},"5":{"start":{"line":7,"column":38},"end":{"line":7,"column":null}},"6":{"start":{"line":10,"column":20},"end":{"line":10,"column":null}},"7":{"start":{"line":13,"column":32},"end":{"line":13,"column":null}},"8":{"start":{"line":14,"column":2},"end":{"line":14,"column":null}},"9":{"start":{"line":14,"column":33},"end":{"line":14,"column":null}},"10":{"start":{"line":15,"column":2},"end":{"line":15,"column":null}},"11":{"start":{"line":15,"column":28},"end":{"line":15,"column":null}},"12":{"start":{"line":16,"column":2},"end":{"line":20,"column":null}},"13":{"start":{"line":17,"column":4},"end":{"line":17,"column":null}},"14":{"start":{"line":18,"column":9},"end":{"line":20,"column":null}},"15":{"start":{"line":19,"column":4},"end":{"line":19,"column":null}},"16":{"start":{"line":21,"column":2},"end":{"line":21,"column":null}},"17":{"start":{"line":25,"column":17},"end":{"line":25,"column":null}},"18":{"start":{"line":26,"column":50},"end":{"line":26,"column":null}},"19":{"start":{"line":28,"column":26},"end":{"line":32,"column":null}},"20":{"start":{"line":33,"column":30},"end":{"line":33,"column":null}},"21":{"start":{"line":34,"column":42},"end":{"line":34,"column":null}},"22":{"start":{"line":35,"column":34},"end":{"line":35,"column":null}},"23":{"start":{"line":37,"column":2},"end":{"line":42,"column":null}},"24":{"start":{"line":38,"column":4},"end":{"line":38,"column":null}},"25":{"start":{"line":38,"column":35},"end":{"line":38,"column":null}},"26":{"start":{"line":39,"column":4},"end":{"line":41,"column":null}},"27":{"start":{"line":40,"column":6},"end":{"line":40,"column":null}},"28":{"start":{"line":44,"column":23},"end":{"line":49,"column":null}},"29":{"start":{"line":45,"column":4},"end":{"line":45,"column":null}},"30":{"start":{"line":45,"column":23},"end":{"line":45,"column":null}},"31":{"start":{"line":46,"column":4},"end":{"line":48,"column":null}},"32":{"start":{"line":47,"column":6},"end":{"line":47,"column":null}},"33":{"start":{"line":47,"column":27},"end":{"line":47,"column":null}},"34":{"start":{"line":51,"column":23},"end":{"line":101,"column":null}},"35":{"start":{"line":52,"column":17},"end":{"line":52,"column":null}},"36":{"start":{"line":53,"column":4},"end":{"line":56,"column":null}},"37":{"start":{"line":54,"column":6},"end":{"line":54,"column":null}},"38":{"start":{"line":55,"column":6},"end":{"line":55,"column":null}},"39":{"start":{"line":58,"column":4},"end":{"line":58,"column":null}},"40":{"start":{"line":59,"column":4},"end":{"line":59,"column":null}},"41":{"start":{"line":61,"column":4},"end":{"line":100,"column":null}},"42":{"start":{"line":62,"column":20},"end":{"line":67,"column":null}},"43":{"start":{"line":66,"column":33},"end":{"line":66,"column":null}},"44":{"start":{"line":68,"column":6},"end":{"line":68,"column":null}},"45":{"start":{"line":69,"column":6},"end":{"line":76,"column":null}},"46":{"start":{"line":78,"column":6},"end":{"line":78,"column":null}},"47":{"start":{"line":80,"column":6},"end":{"line":98,"column":null}},"48":{"start":{"line":81,"column":8},"end":{"line":93,"column":null}},"49":{"start":{"line":84,"column":12},"end":{"line":84,"column":null}},"50":{"start":{"line":85,"column":12},"end":{"line":85,"column":null}},"51":{"start":{"line":87,"column":12},"end":{"line":88,"column":null}},"52":{"start":{"line":90,"column":12},"end":{"line":90,"column":null}},"53":{"start":{"line":92,"column":12},"end":{"line":92,"column":null}},"54":{"start":{"line":95,"column":8},"end":{"line":96,"column":null}},"55":{"start":{"line":99,"column":6},"end":{"line":99,"column":null}},"56":{"start":{"line":103,"column":23},"end":{"line":107,"column":null}},"57":{"start":{"line":103,"column":41},"end":{"line":107,"column":null}},"58":{"start":{"line":109,"column":2},"end":{"line":109,"column":null}},"59":{"start":{"line":109,"column":17},"end":{"line":109,"column":null}},"60":{"start":{"line":134,"column":20},"end":{"line":134,"column":null}},"61":{"start":{"line":161,"column":35},"end":{"line":161,"column":null}},"62":{"start":{"line":187,"column":35},"end":{"line":187,"column":null}}},"fnMap":{"0":{"name":"validate","decl":{"start":{"line":12,"column":9},"end":{"line":12,"column":18}},"loc":{"start":{"line":12,"column":39},"end":{"line":22,"column":null}}},"1":{"name":"CheckoutPage","decl":{"start":{"line":24,"column":24},"end":{"line":24,"column":null}},"loc":{"start":{"line":24,"column":24},"end":{"line":224,"column":null}}},"2":{"name":"(anonymous_4)","decl":{"start":{"line":37,"column":12},"end":{"line":37,"column":null}},"loc":{"start":{"line":37,"column":12},"end":{"line":42,"column":5}}},"3":{"name":"(anonymous_5)","decl":{"start":{"line":44,"column":23},"end":{"line":44,"column":24}},"loc":{"start":{"line":44,"column":54},"end":{"line":49,"column":null}}},"4":{"name":"(anonymous_6)","decl":{"start":{"line":45,"column":12},"end":{"line":45,"column":13}},"loc":{"start":{"line":45,"column":23},"end":{"line":45,"column":null}}},"5":{"name":"(anonymous_7)","decl":{"start":{"line":47,"column":16},"end":{"line":47,"column":17}},"loc":{"start":{"line":47,"column":27},"end":{"line":47,"column":null}}},"6":{"name":"(anonymous_8)","decl":{"start":{"line":51,"column":23},"end":{"line":51,"column":null}},"loc":{"start":{"line":51,"column":23},"end":{"line":101,"column":null}}},"7":{"name":"(anonymous_9)","decl":{"start":{"line":66,"column":25},"end":{"line":66,"column":26}},"loc":{"start":{"line":66,"column":33},"end":{"line":66,"column":null}}},"8":{"name":"(anonymous_10)","decl":{"start":{"line":103,"column":33},"end":{"line":103,"column":34}},"loc":{"start":{"line":103,"column":41},"end":{"line":107,"column":null}}},"9":{"name":"(anonymous_11)","decl":{"start":{"line":133,"column":28},"end":{"line":133,"column":29}},"loc":{"start":{"line":134,"column":20},"end":{"line":134,"column":null}}},"10":{"name":"(anonymous_12)","decl":{"start":{"line":161,"column":28},"end":{"line":161,"column":29}},"loc":{"start":{"line":161,"column":35},"end":{"line":161,"column":null}}},"11":{"name":"(anonymous_13)","decl":{"start":{"line":187,"column":28},"end":{"line":187,"column":29}},"loc":{"start":{"line":187,"column":35},"end":{"line":187,"column":null}}}},"branchMap":{"0":{"loc":{"start":{"line":14,"column":2},"end":{"line":14,"column":null}},"type":"if","locations":[{"start":{"line":14,"column":2},"end":{"line":14,"column":null}},{"start":{},"end":{}}]},"1":{"loc":{"start":{"line":15,"column":2},"end":{"line":15,"column":null}},"type":"if","locations":[{"start":{"line":15,"column":2},"end":{"line":15,"column":null}},{"start":{},"end":{}}]},"2":{"loc":{"start":{"line":16,"column":2},"end":{"line":20,"column":null}},"type":"if","locations":[{"start":{"line":16,"column":2},"end":{"line":20,"column":null}},{"start":{"line":18,"column":9},"end":{"line":20,"column":null}}]},"3":{"loc":{"start":{"line":18,"column":9},"end":{"line":20,"column":null}},"type":"if","locations":[{"start":{"line":18,"column":9},"end":{"line":20,"column":null}},{"start":{},"end":{}}]},"4":{"loc":{"start":{"line":38,"column":4},"end":{"line":38,"column":null}},"type":"if","locations":[{"start":{"line":38,"column":4},"end":{"line":38,"column":null}},{"start":{},"end":{}}]},"5":{"loc":{"start":{"line":38,"column":8},"end":{"line":38,"column":35}},"type":"binary-expr","locations":[{"start":{"line":38,"column":8},"end":{"line":38,"column":21}},{"start":{"line":38,"column":21},"end":{"line":38,"column":35}}]},"6":{"loc":{"start":{"line":39,"column":4},"end":{"line":41,"column":null}},"type":"if","locations":[{"start":{"line":39,"column":4},"end":{"line":41,"column":null}},{"start":{},"end":{}}]},"7":{"loc":{"start":{"line":46,"column":4},"end":{"line":48,"column":null}},"type":"if","locations":[{"start":{"line":46,"column":4},"end":{"line":48,"column":null}},{"start":{},"end":{}}]},"8":{"loc":{"start":{"line":53,"column":4},"end":{"line":56,"column":null}},"type":"if","locations":[{"start":{"line":53,"column":4},"end":{"line":56,"column":null}},{"start":{},"end":{}}]},"9":{"loc":{"start":{"line":80,"column":6},"end":{"line":98,"column":null}},"type":"if","locations":[{"start":{"line":80,"column":6},"end":{"line":98,"column":null}},{"start":{"line":94,"column":13},"end":{"line":98,"column":null}}]},"10":{"loc":{"start":{"line":81,"column":8},"end":{"line":93,"column":null}},"type":"switch","locations":[{"start":{"line":82,"column":10},"end":{"line":82,"column":null}},{"start":{"line":83,"column":10},"end":{"line":85,"column":null}},{"start":{"line":86,"column":10},"end":{"line":90,"column":null}},{"start":{"line":91,"column":10},"end":{"line":92,"column":null}}]},"11":{"loc":{"start":{"line":109,"column":2},"end":{"line":109,"column":null}},"type":"if","locations":[{"start":{"line":109,"column":2},"end":{"line":109,"column":null}},{"start":{},"end":{}}]},"12":{"loc":{"start":{"line":138,"column":20},"end":{"line":140,"column":null}},"type":"cond-expr","locations":[{"start":{"line":139,"column":24},"end":{"line":139,"column":null}},{"start":{"line":140,"column":24},"end":{"line":140,"column":null}}]},"13":{"loc":{"start":{"line":143,"column":17},"end":{"line":143,"column":36}},"type":"binary-expr","locations":[{"start":{"line":143,"column":17},"end":{"line":143,"column":36}}]},"14":{"loc":{"start":{"line":164,"column":20},"end":{"line":166,"column":null}},"type":"cond-expr","locations":[{"start":{"line":165,"column":24},"end":{"line":165,"column":null}},{"start":{"line":166,"column":24},"end":{"line":166,"column":null}}]},"15":{"loc":{"start":{"line":169,"column":17},"end":{"line":169,"column":31}},"type":"binary-expr","locations":[{"start":{"line":169,"column":17},"end":{"line":169,"column":31}}]},"16":{"loc":{"start":{"line":190,"column":20},"end":{"line":192,"column":null}},"type":"cond-expr","locations":[{"start":{"line":191,"column":24},"end":{"line":191,"column":null}},{"start":{"line":192,"column":24},"end":{"line":192,"column":null}}]},"17":{"loc":{"start":{"line":195,"column":17},"end":{"line":195,"column":29}},"type":"binary-expr","locations":[{"start":{"line":195,"column":17},"end":{"line":195,"column":29}}]},"18":{"loc":{"start":{"line":206,"column":15},"end":{"line":206,"column":null}},"type":"cond-expr","locations":[{"start":{"line":206,"column":30},"end":{"line":206,"column":41}},{"start":{"line":206,"column":41},"end":{"line":206,"column":null}}]},"19":{"loc":{"start":{"line":209,"column":13},"end":{"line":209,"column":null}},"type":"binary-expr","locations":[{"start":{"line":209,"column":13},"end":{"line":209,"column":null}}]}},"s":{"0":3,"1":1,"2":1,"3":1,"4":1,"5":1,"6":1,"7":3,"8":3,"9":1,"10":3,"11":1,"12":3,"13":1,"14":2,"15":1,"16":3,"17":55,"18":55,"19":55,"20":55,"21":55,"22":55,"23":55,"24":55,"25":1,"26":54,"27":0,"28":55,"29":49,"30":49,"31":49,"32":0,"33":0,"34":55,"35":3,"36":3,"37":2,"38":2,"39":1,"40":1,"41":1,"42":1,"43":1,"44":1,"45":1,"46":1,"47":0,"48":0,"49":0,"50":0,"51":0,"52":0,"53":0,"54":0,"55":0,"56":55,"57":55,"58":55,"59":0,"60":8,"61":12,"62":29},"f":{"0":3,"1":55,"2":55,"3":49,"4":49,"5":0,"6":3,"7":1,"8":55,"9":8,"10":12,"11":29},"b":{"0":[1,2],"1":[1,2],"2":[1,2],"3":[1,1],"4":[1,54],"5":[55,55],"6":[0,54],"7":[0,49],"8":[2,1],"9":[0,0],"10":[0,0,0,0],"11":[0,55],"12":[1,54],"13":[55],"14":[1,54],"15":[55],"16":[2,53],"17":[55],"18":[1,54],"19":[55]}}
,"/app/src/components/BookCard.tsx": {"path":"/app/src/components/BookCard.tsx","statementMap":{"0":{"start":{"line":9,"column":24},"end":{"line":9,"column":33}},"1":{"start":{"line":1,"column":17},"end":{"line":1,"column":null}},"2":{"start":{"line":2,"column":27},"end":{"line":2,"column":null}}},"fnMap":{"0":{"name":"BookCard","decl":{"start":{"line":9,"column":24},"end":{"line":9,"column":33}},"loc":{"start":{"line":9,"column":56},"end":{"line":35,"column":null}}}},"branchMap":{},"s":{"0":1,"1":1,"2":1},"f":{"0":1},"b":{}}
,"/app/src/components/CartItemRow.tsx": {"path":"/app/src/components/CartItemRow.tsx","statementMap":{"0":{"start":{"line":12,"column":24},"end":{"line":12,"column":36}},"1":{"start":{"line":3,"column":27},"end":{"line":3,"column":null}},"2":{"start":{"line":17,"column":19},"end":{"line":17,"column":54}},"3":{"start":{"line":44,"column":16},"end":{"line":44,"column":null}},"4":{"start":{"line":57,"column":16},"end":{"line":57,"column":null}},"5":{"start":{"line":70,"column":27},"end":{"line":70,"column":null}}},"fnMap":{"0":{"name":"CartItemRow","decl":{"start":{"line":12,"column":24},"end":{"line":12,"column":36}},"loc":{"start":{"line":16,"column":19},"end":{"line":79,"column":null}}},"1":{"name":"(anonymous_3)","decl":{"start":{"line":43,"column":23},"end":{"line":43,"column":null}},"loc":{"start":{"line":44,"column":16},"end":{"line":44,"column":null}}},"2":{"name":"(anonymous_4)","decl":{"start":{"line":56,"column":23},"end":{"line":56,"column":null}},"loc":{"start":{"line":57,"column":16},"end":{"line":57,"column":null}}},"3":{"name":"(anonymous_5)","decl":{"start":{"line":70,"column":21},"end":{"line":70,"column":27}},"loc":{"start":{"line":70,"column":27},"end":{"line":70,"column":null}}}},"branchMap":{},"s":{"0":2,"1":1,"2":2,"3":0,"4":0,"5":1},"f":{"0":2,"1":0,"2":0,"3":1},"b":{}}
,"/app/src/components/OrderSummary.tsx": {"path":"/app/src/components/OrderSummary.tsx","statementMap":{"0":{"start":{"line":12,"column":24},"end":{"line":12,"column":37}},"1":{"start":{"line":18,"column":10},"end":{"line":18,"column":26}}},"fnMap":{"0":{"name":"OrderSummary","decl":{"start":{"line":12,"column":24},"end":{"line":12,"column":37}},"loc":{"start":{"line":12,"column":78},"end":{"line":42,"column":null}}},"1":{"name":"(anonymous_2)","decl":{"start":{"line":17,"column":19},"end":{"line":17,"column":20}},"loc":{"start":{"line":18,"column":10},"end":{"line":18,"column":26}}}},"branchMap":{},"s":{"0":1,"1":2},"f":{"0":1,"1":2},"b":{}}
,"/app/src/contexts/CartContext.tsx": {"path":"/app/src/contexts/CartContext.tsx","statementMap":{"0":{"start":{"line":12,"column":13},"end":{"line":12,"column":24}},"1":{"start":{"line":14,"column":16},"end":{"line":14,"column":28}},"2":{"start":{"line":9,"column":7},"end":{"line":9,"column":null}},"3":{"start":{"line":12,"column":27},"end":{"line":12,"column":null}},"4":{"start":{"line":15,"column":28},"end":{"line":15,"column":null}},"5":{"start":{"line":16,"column":34},"end":{"line":16,"column":null}},"6":{"start":{"line":18,"column":2},"end":{"line":28,"column":null}},"7":{"start":{"line":19,"column":19},"end":{"line":19,"column":null}},"8":{"start":{"line":20,"column":4},"end":{"line":26,"column":null}},"9":{"start":{"line":21,"column":6},"end":{"line":25,"column":null}},"10":{"start":{"line":22,"column":8},"end":{"line":22,"column":null}},"11":{"start":{"line":24,"column":8},"end":{"line":24,"column":null}},"12":{"start":{"line":27,"column":4},"end":{"line":27,"column":null}},"13":{"start":{"line":30,"column":14},"end":{"line":41,"column":null}},"14":{"start":{"line":31,"column":4},"end":{"line":40,"column":null}},"15":{"start":{"line":32,"column":23},"end":{"line":32,"column":null}},"16":{"start":{"line":32,"column":40},"end":{"line":32,"column":null}},"17":{"start":{"line":33,"column":19},"end":{"line":37,"column":null}},"18":{"start":{"line":35,"column":12},"end":{"line":35,"column":null}},"19":{"start":{"line":38,"column":6},"end":{"line":38,"column":null}},"20":{"start":{"line":39,"column":6},"end":{"line":39,"column":null}},"21":{"start":{"line":43,"column":25},"end":{"line":51,"column":null}},"22":{"start":{"line":44,"column":4},"end":{"line":50,"column":null}},"23":{"start":{"line":45,"column":19},"end":{"line":46,"column":null}},"24":{"start":{"line":46,"column":8},"end":{"line":46,"column":null}},"25":{"start":{"line":48,"column":6},"end":{"line":48,"column":null}},"26":{"start":{"line":49,"column":6},"end":{"line":49,"column":null}},"27":{"start":{"line":53,"column":17},"end":{"line":59,"column":null}},"28":{"start":{"line":54,"column":4},"end":{"line":58,"column":null}},"29":{"start":{"line":55,"column":19},"end":{"line":55,"column":null}},"30":{"start":{"line":55,"column":38},"end":{"line":55,"column":null}},"31":{"start":{"line":56,"column":6},"end":{"line":56,"column":null}},"32":{"start":{"line":57,"column":6},"end":{"line":57,"column":null}},"33":{"start":{"line":61,"column":16},"end":{"line":64,"column":null}},"34":{"start":{"line":62,"column":4},"end":{"line":62,"column":null}},"35":{"start":{"line":63,"column":4},"end":{"line":63,"column":null}},"36":{"start":{"line":66,"column":21},"end":{"line":68,"column":null}},"37":{"start":{"line":67,"column":10},"end":{"line":67,"column":null}},"38":{"start":{"line":67,"column":35},"end":{"line":67,"column":51}},"39":{"start":{"line":71,"column":22},"end":{"line":74,"column":null}},"40":{"start":{"line":73,"column":6},"end":{"line":73,"column":null}},"41":{"start":{"line":73,"column":31},"end":{"line":73,"column":66}},"42":{"start":{"line":77,"column":34},"end":{"line":86,"column":null}}},"fnMap":{"0":{"name":"CartProvider","decl":{"start":{"line":14,"column":16},"end":{"line":14,"column":28}},"loc":{"start":{"line":14,"column":72},"end":{"line":89,"column":null}}},"1":{"name":"(anonymous_4)","decl":{"start":{"line":18,"column":12},"end":{"line":18,"column":null}},"loc":{"start":{"line":18,"column":12},"end":{"line":28,"column":5}}},"2":{"name":"(anonymous_5)","decl":{"start":{"line":30,"column":26},"end":{"line":30,"column":27}},"loc":{"start":{"line":30,"column":43},"end":{"line":41,"column":5}}},"3":{"name":"(anonymous_6)","decl":{"start":{"line":31,"column":13},"end":{"line":31,"column":14}},"loc":{"start":{"line":31,"column":14},"end":{"line":40,"column":null}}},"4":{"name":"(anonymous_7)","decl":{"start":{"line":32,"column":33},"end":{"line":32,"column":34}},"loc":{"start":{"line":32,"column":40},"end":{"line":32,"column":null}}},"5":{"name":"(anonymous_8)","decl":{"start":{"line":34,"column":19},"end":{"line":34,"column":20}},"loc":{"start":{"line":35,"column":12},"end":{"line":35,"column":null}}},"6":{"name":"(anonymous_9)","decl":{"start":{"line":43,"column":37},"end":{"line":43,"column":38}},"loc":{"start":{"line":43,"column":54},"end":{"line":51,"column":5}}},"7":{"name":"(anonymous_10)","decl":{"start":{"line":44,"column":13},"end":{"line":44,"column":14}},"loc":{"start":{"line":44,"column":14},"end":{"line":50,"column":null}}},"8":{"name":"(anonymous_11)","decl":{"start":{"line":45,"column":28},"end":{"line":45,"column":29}},"loc":{"start":{"line":46,"column":8},"end":{"line":46,"column":null}}},"9":{"name":"(anonymous_12)","decl":{"start":{"line":53,"column":29},"end":{"line":53,"column":30}},"loc":{"start":{"line":53,"column":30},"end":{"line":59,"column":5}}},"10":{"name":"(anonymous_13)","decl":{"start":{"line":54,"column":13},"end":{"line":54,"column":14}},"loc":{"start":{"line":54,"column":14},"end":{"line":58,"column":null}}},"11":{"name":"(anonymous_14)","decl":{"start":{"line":55,"column":31},"end":{"line":55,"column":32}},"loc":{"start":{"line":55,"column":38},"end":{"line":55,"column":null}}},"12":{"name":"(anonymous_15)","decl":{"start":{"line":61,"column":28},"end":{"line":61,"column":null}},"loc":{"start":{"line":61,"column":28},"end":{"line":64,"column":5}}},"13":{"name":"(anonymous_16)","decl":{"start":{"line":67,"column":4},"end":{"line":67,"column":10}},"loc":{"start":{"line":67,"column":10},"end":{"line":67,"column":null}}},"14":{"name":"(anonymous_17)","decl":{"start":{"line":67,"column":23},"end":{"line":67,"column":24}},"loc":{"start":{"line":67,"column":35},"end":{"line":67,"column":51}}},"15":{"name":"(anonymous_18)","decl":{"start":{"line":72,"column":4},"end":{"line":72,"column":null}},"loc":{"start":{"line":73,"column":6},"end":{"line":73,"column":null}}},"16":{"name":"(anonymous_19)","decl":{"start":{"line":73,"column":19},"end":{"line":73,"column":20}},"loc":{"start":{"line":73,"column":31},"end":{"line":73,"column":66}}}},"branchMap":{"0":{"loc":{"start":{"line":20,"column":4},"end":{"line":26,"column":null}},"type":"if","locations":[{"start":{"line":20,"column":4},"end":{"line":26,"column":null}},{"start":{},"end":{}}]},"1":{"loc":{"start":{"line":33,"column":19},"end":{"line":37,"column":null}},"type":"cond-expr","locations":[{"start":{"line":34,"column":10},"end":{"line":35,"column":null}},{"start":{"line":37,"column":10},"end":{"line":37,"column":null}}]},"2":{"loc":{"start":{"line":35,"column":12},"end":{"line":35,"column":null}},"type":"cond-expr","locations":[{"start":{"line":35,"column":34},"end":{"line":35,"column":71}},{"start":{"line":35,"column":71},"end":{"line":35,"column":null}}]},"3":{"loc":{"start":{"line":46,"column":8},"end":{"line":46,"column":null}},"type":"cond-expr","locations":[{"start":{"line":46,"column":30},"end":{"line":46,"column":51}},{"start":{"line":46,"column":51},"end":{"line":46,"column":null}}]}},"s":{"0":20,"1":5,"2":1,"3":1,"4":20,"5":20,"6":20,"7":5,"8":5,"9":0,"10":0,"11":0,"12":5,"13":20,"14":8,"15":8,"16":3,"17":8,"18":3,"19":8,"20":8,"21":20,"22":1,"23":1,"24":1,"25":1,"26":1,"27":20,"28":1,"29":1,"30":1,"31":1,"32":1,"33":20,"34":0,"35":0,"36":20,"37":15,"38":11,"39":20,"40":15,"41":11,"42":20},"f":{"0":20,"1":5,"2":8,"3":8,"4":3,"5":3,"6":1,"7":1,"8":1,"9":1,"10":1,"11":1,"12":0,"13":15,"14":11,"15":15,"16":11},"b":{"0":[0,5],"1":[2,6],"2":[2,1],"3":[1,0]}}
}
