TN:
SF:src/hooks/useCart.ts
FN:13,loadCart
FN:25,saveCart
FN:34,useCart
FN:40,(anonymous_3)
FN:46,(anonymous_4)
FN:56,(anonymous_5)
FN:57,(anonymous_6)
FN:58,(anonymous_7)
FN:60,(anonymous_8)
FN:79,(anonymous_9)
FN:81,(anonymous_10)
FN:82,(anonymous_11)
FN:89,(anonymous_12)
FN:90,(anonymous_13)
FN:90,(anonymous_14)
FN:96,(anonymous_15)
FN:101,(anonymous_16)
FN:104,(anonymous_17)
FNF:18
FNH:18
FNDA:27,loadCart
FNDA:56,saveCart
FNDA:83,useCart
FNDA:27,(anonymous_3)
FNDA:83,(anonymous_4)
FNDA:28,(anonymous_5)
FNDA:28,(anonymous_6)
FNDA:12,(anonymous_7)
FNDA:4,(anonymous_8)
FNDA:8,(anonymous_9)
FNDA:6,(anonymous_10)
FNDA:9,(anonymous_11)
FNDA:3,(anonymous_12)
FNDA:3,(anonymous_13)
FNDA:4,(anonymous_14)
FNDA:2,(anonymous_15)
FNDA:38,(anonymous_16)
FNDA:38,(anonymous_17)
DA:3,1
DA:7,1
DA:14,27
DA:15,27
DA:16,27
DA:18,1
DA:26,56
DA:34,1
DA:35,83
DA:37,83
DA:40,83
DA:41,27
DA:42,27
DA:46,83
DA:47,83
DA:48,56
DA:56,83
DA:57,28
DA:58,28
DA:59,28
DA:60,3
DA:61,4
DA:66,25
DA:79,83
DA:80,8
DA:81,6
DA:82,9
DA:89,83
DA:90,4
DA:96,83
DA:97,2
DA:101,83
DA:104,83
DA:106,83
LF:34
LH:34
BRDA:16,0,0,2
BRDA:16,0,1,25
BRDA:47,1,0,56
BRDA:47,1,1,27
BRDA:59,2,0,3
BRDA:59,2,1,25
BRDA:61,3,0,3
BRDA:61,3,1,1
BRDA:80,4,0,2
BRDA:80,4,1,6
BRDA:82,5,0,6
BRDA:82,5,1,3
BRF:12
BRH:12
end_of_record
TN:
SF:src/lib/api.ts
FN:10,fetchProducts
FN:23,fetchProduct
FN:37,createOrder
FNF:3
FNH:3
FNDA:6,fetchProducts
FNDA:7,fetchProduct
FNDA:7,createOrder
DA:4,1
DA:10,1
DA:11,6
DA:14,5
DA:15,3
DA:16,3
DA:23,1
DA:24,7
DA:27,6
DA:28,5
DA:29,3
DA:30,3
DA:37,1
DA:38,7
DA:43,6
DA:44,3
DA:45,3
DA:47,3
DA:48,3
LF:19
LH:19
BRDA:4,0,0,1
BRDA:4,0,1,1
BRDA:14,1,0,2
BRDA:14,1,1,3
BRDA:27,2,0,1
BRDA:27,2,1,5
BRDA:28,3,0,2
BRDA:28,3,1,3
BRDA:43,4,0,3
BRDA:43,4,1,3
BRF:10
BRH:10
end_of_record
