TN:
SF:src/components/BookCard.tsx
FN:17,BookCard
FNF:1
FNH:1
FNDA:5,BookCard
DA:8,1
DA:10,1
DA:11,1
DA:17,5
LF:4
LH:4
BRDA:23,0,0,4
BRF:1
BRH:1
end_of_record
TN:
SF:src/components/CartSummary.tsx
FN:25,CartSummary
FN:51,(anonymous_3)
FN:62,(anonymous_4)
FN:73,(anonymous_5)
FN:91,(anonymous_6)
FNF:5
FNH:5
FNDA:89,CartSummary
FNDA:99,(anonymous_3)
FNDA:2,(anonymous_4)
FNDA:1,(anonymous_5)
FNDA:1,(anonymous_6)
DA:12,3
DA:13,3
DA:25,89
DA:52,99
DA:63,2
DA:74,1
DA:91,1
LF:7
LH:7
BRDA:28,0,0,76
BRDA:36,1,0,89
BRDA:47,2,0,89
BRDA:57,3,0,16
BRDA:85,4,0,99
BRDA:108,5,0,89
BRDA:108,5,1,13
BRF:7
BRH:7
end_of_record
TN:
SF:src/components/EmptyState.tsx
FN:21,EmptyState
FNF:1
FNH:1
FNDA:14,EmptyState
DA:7,3
DA:8,3
DA:21,14
LF:3
LH:3
BRDA:30,0,0,14
BRDA:31,1,0,14
BRDA:31,1,1,14
BRF:3
BRH:3
end_of_record
TN:
SF:src/components/ErrorNotice.tsx
FN:21,toMessage
FN:28,ErrorNotice
FNF:2
FNH:2
FNDA:4,toMessage
FNDA:4,ErrorNotice
DA:8,2
DA:9,2
DA:10,2
DA:22,4
DA:23,4
DA:25,0
DA:28,4
LF:7
LH:6
BRDA:22,0,0,4
BRDA:31,1,0,3
BRDA:36,2,0,4
BRDA:36,2,1,3
BRDA:38,3,0,1
BRDA:43,4,0,1
BRF:6
BRH:6
end_of_record
TN:
SF:src/components/Header.tsx
FN:16,Header
FNF:1
FNH:1
FNDA:22,Header
DA:12,1
DA:13,1
DA:14,1
DA:16,7
DA:17,22
DA:18,22
LF:6
LH:6
BRDA:30,0,0,14
BRDA:30,0,1,8
BRF:2
BRH:2
end_of_record
TN:
SF:src/lib/apiClient.ts
FN:56,(anonymous_5)
FN:88,toApiErrorCode
FN:95,parse
FN:116,request
FN:135,fetchBooks
FN:141,fetchBook
FN:147,createOrder
FNF:7
FNH:7
FNDA:11,(anonymous_5)
FNDA:5,toApiErrorCode
FNDA:10,parse
FNDA:11,request
FNDA:5,fetchBooks
FNDA:2,fetchBook
FNDA:4,createOrder
DA:51,3
DA:62,11
DA:63,11
DA:64,11
DA:65,11
DA:66,11
DA:71,3
DA:81,3
DA:89,5
DA:96,10
DA:97,5
DA:100,5
DA:101,5
DA:102,5
DA:107,5
DA:118,11
DA:119,11
DA:125,1
DA:131,10
DA:135,7
DA:136,5
DA:137,2
DA:141,4
DA:142,2
DA:143,1
DA:147,6
DA:151,4
DA:155,2
LF:28
LH:28
BRDA:71,0,0,3
BRDA:71,0,1,3
BRDA:89,1,0,3
BRDA:89,1,1,2
BRDA:96,2,0,5
BRDA:110,3,0,5
BRDA:110,3,1,1
BRF:7
BRH:7
end_of_record
TN:
SF:src/lib/calcCartTotal.ts
FN:33,calcCartTotal
FN:37,(anonymous_2)
FN:58,(anonymous_3)
FNF:3
FNH:3
FNDA:91,calcCartTotal
FNDA:122,(anonymous_2)
FNDA:96,(anonymous_3)
DA:33,91
DA:37,122
DA:39,91
DA:40,91
DA:42,91
DA:43,101
DA:44,101
DA:46,5
DA:47,5
DA:49,96
DA:58,96
DA:60,91
LF:12
LH:12
BRDA:44,0,0,5
BRF:1
BRH:1
end_of_record
TN:
SF:src/lib/cartContext.tsx
FN:49,readStorage
FN:57,(anonymous_5)
FN:81,writeStorage
FN:93,CartProvider
FN:98,(anonymous_8)
FN:104,(anonymous_9)
FN:109,(anonymous_10)
FN:110,(anonymous_11)
FN:111,(anonymous_12)
FN:114,(anonymous_13)
FN:124,(anonymous_14)
FN:125,(anonymous_15)
FN:128,(anonymous_16)
FN:130,(anonymous_17)
FN:136,(anonymous_18)
FN:137,(anonymous_19)
FN:137,(anonymous_20)
FN:141,(anonymous_21)
FN:146,(anonymous_22)
FN:146,(anonymous_23)
FN:151,(anonymous_24)
FN:166,useCart
FNF:22
FNH:22
FNDA:48,readStorage
FNDA:36,(anonymous_5)
FNDA:88,writeStorage
FNDA:136,CartProvider
FNDA:48,(anonymous_8)
FNDA:136,(anonymous_9)
FNDA:20,(anonymous_10)
FNDA:20,(anonymous_11)
FNDA:6,(anonymous_12)
FNDA:3,(anonymous_13)
FNDA:9,(anonymous_14)
FNDA:9,(anonymous_15)
FNDA:6,(anonymous_16)
FNDA:6,(anonymous_17)
FNDA:3,(anonymous_18)
FNDA:3,(anonymous_19)
FNDA:5,(anonymous_20)
FNDA:8,(anonymous_21)
FNDA:136,(anonymous_22)
FNDA:67,(anonymous_23)
FNDA:136,(anonymous_24)
FNDA:239,useCart
DA:21,4
DA:23,36
DA:46,4
DA:50,48
DA:51,48
DA:52,47
DA:54,29
DA:55,28
DA:57,28
DA:58,36
DA:59,36
DA:60,36
DA:70,2
DA:82,88
DA:83,88
DA:84,31
DA:85,31
DA:87,57
DA:93,48
DA:94,136
DA:95,136
DA:98,136
DA:99,48
DA:100,48
DA:104,136
DA:105,136
DA:106,88
DA:109,136
DA:110,20
DA:111,20
DA:112,20
DA:114,3
DA:115,3
DA:120,17
DA:124,136
DA:125,9
DA:127,9
DA:128,6
DA:130,5
DA:131,6
DA:136,136
DA:137,5
DA:141,136
DA:142,8
DA:145,136
DA:146,136
DA:150,136
DA:151,136
DA:166,239
DA:167,239
DA:168,239
DA:169,0
DA:171,239
LF:53
LH:52
BRDA:52,0,0,18
BRDA:55,1,0,0
BRDA:58,2,0,0
BRDA:58,3,0,36
BRDA:58,3,1,36
BRDA:61,4,0,36
BRDA:61,4,1,35
BRDA:61,4,2,35
BRDA:61,4,3,35
BRDA:83,5,0,31
BRDA:105,6,0,48
BRDA:112,7,0,3
BRDA:115,8,0,3
BRDA:115,8,1,0
BRDA:127,9,0,4
BRDA:131,10,0,5
BRDA:131,10,1,1
BRDA:168,11,0,0
BRF:18
BRH:14
end_of_record
TN:
SF:src/lib/formatPrice.ts
FN:7,formatPrice
FNF:1
FNH:1
FNDA:292,formatPrice
DA:7,292
DA:8,292
LF:2
LH:2
BRF:0
BRH:0
end_of_record
TN:
SF:src/lib/lastOrder.ts
FN:15,saveLastOrder
FN:30,consumeLastOrder
FNF:2
FNH:2
FNDA:6,saveLastOrder
FNDA:12,consumeLastOrder
DA:12,12
DA:15,6
DA:16,6
DA:17,6
DA:30,12
DA:31,12
DA:32,12
DA:33,12
DA:34,12
DA:36,9
DA:37,8
DA:42,1
DA:44,7
DA:47,1
LF:14
LH:14
BRDA:34,0,0,3
BRDA:37,1,0,1
BRDA:38,2,0,8
BRDA:38,2,1,8
BRDA:38,2,2,8
BRF:5
BRH:5
end_of_record
TN:
SF:src/lib/validateOrderForm.ts
FN:45,isValidEmail
FN:49,checkText
FN:56,validateOrderForm
FN:79,toFormErrors
FNF:4
FNH:4
FNDA:33,isValidEmail
FNDA:105,checkText
FNDA:35,validateOrderForm
FNDA:4,toFormErrors
DA:21,2
DA:22,2
DA:23,2
DA:26,2
DA:45,3
DA:46,33
DA:50,105
DA:51,105
DA:52,89
DA:53,87
DA:56,35
DA:57,35
DA:59,35
DA:60,35
DA:62,35
DA:63,35
DA:65,35
DA:66,35
DA:67,5
DA:68,30
DA:69,7
DA:72,35
DA:79,4
DA:80,4
DA:81,4
DA:82,12
DA:83,12
DA:84,3
DA:87,4
LF:29
LH:29
BRDA:51,0,0,16
BRDA:52,1,0,2
BRDA:60,2,0,7
BRDA:63,3,0,6
BRDA:66,4,0,5
BRDA:66,4,1,30
BRDA:68,5,0,7
BRDA:83,6,0,3
BRDA:83,7,0,12
BRDA:83,7,1,4
BRF:10
BRH:10
end_of_record
