<?xml version="1.0" encoding="UTF-8"?>
<coverage generated="1789480157728" clover="3.2.0">
  <project timestamp="1789480157728" name="All files">
    <metrics statements="139" coveredstatements="139" conditionals="34" coveredconditionals="33" methods="24" coveredmethods="24" elements="197" coveredelements="196" complexity="0" loc="139" ncloc="139" packages="3" files="6" classes="6"/>
    <package name="domain">
      <metrics statements="67" coveredstatements="67" conditionals="25" coveredconditionals="25" methods="10" coveredmethods="10"/>
      <file name="calcOrderTotal.ts" path="/Volumes/ExternalSSD/GitHub/2026-c-02/backend/src/domain/calcOrderTotal.ts">
        <metrics statements="9" coveredstatements="9" conditionals="1" coveredconditionals="1" methods="4" coveredmethods="4"/>
        <line num="27" count="3" type="stmt"/>
        <line num="31" count="38" type="stmt"/>
        <line num="33" count="16" type="stmt"/>
        <line num="34" count="26" type="stmt"/>
        <line num="35" count="26" type="cond" truecount="1" falsecount="0"/>
        <line num="38" count="1" type="stmt"/>
        <line num="40" count="25" type="stmt"/>
        <line num="48" count="25" type="stmt"/>
        <line num="50" count="15" type="stmt"/>
      </file>
      <file name="generateOrderNumber.ts" path="/Volumes/ExternalSSD/GitHub/2026-c-02/backend/src/domain/generateOrderNumber.ts">
        <metrics statements="21" coveredstatements="21" conditionals="4" coveredconditionals="4" methods="3" coveredmethods="3"/>
        <line num="12" count="3" type="stmt"/>
        <line num="15" count="3" type="stmt"/>
        <line num="17" count="3" type="stmt"/>
        <line num="18" count="3" type="stmt"/>
        <line num="19" count="3" type="stmt"/>
        <line num="23" count="10213" type="stmt"/>
        <line num="24" count="10213" type="stmt"/>
        <line num="25" count="10213" type="stmt"/>
        <line num="26" count="102130" type="stmt"/>
        <line num="27" count="102130" type="stmt"/>
        <line num="28" count="102130" type="stmt"/>
        <line num="30" count="10213" type="stmt"/>
        <line num="36" count="10213" type="stmt"/>
        <line num="37" count="10213" type="stmt"/>
        <line num="38" count="10213" type="stmt"/>
        <line num="39" count="163408" type="stmt"/>
        <line num="41" count="10213" type="stmt"/>
        <line num="49" count="3" type="cond" truecount="1" falsecount="0"/>
        <line num="50" count="10216" type="cond" truecount="3" falsecount="0"/>
        <line num="51" count="3" type="stmt"/>
        <line num="53" count="10213" type="stmt"/>
      </file>
      <file name="validateOrderRequest.ts" path="/Volumes/ExternalSSD/GitHub/2026-c-02/backend/src/domain/validateOrderRequest.ts">
        <metrics statements="37" coveredstatements="37" conditionals="20" coveredconditionals="20" methods="3" coveredmethods="3"/>
        <line num="24" count="3" type="stmt"/>
        <line num="25" count="3" type="stmt"/>
        <line num="26" count="3" type="stmt"/>
        <line num="33" count="3" type="stmt"/>
        <line num="34" count="48" type="stmt"/>
        <line num="41" count="159" type="cond" truecount="1" falsecount="0"/>
        <line num="42" count="150" type="stmt"/>
        <line num="43" count="150" type="cond" truecount="1" falsecount="0"/>
        <line num="44" count="143" type="cond" truecount="1" falsecount="0"/>
        <line num="45" count="141" type="stmt"/>
        <line num="64" count="3" type="stmt"/>
        <line num="65" count="53" type="stmt"/>
        <line num="66" count="53" type="cond" truecount="2" falsecount="0"/>
        <line num="68" count="53" type="stmt"/>
        <line num="69" count="53" type="cond" truecount="1" falsecount="0"/>
        <line num="71" count="53" type="stmt"/>
        <line num="72" count="53" type="cond" truecount="1" falsecount="0"/>
        <line num="74" count="53" type="stmt"/>
        <line num="75" count="53" type="cond" truecount="2" falsecount="0"/>
        <line num="76" count="5" type="stmt"/>
        <line num="77" count="48" type="cond" truecount="1" falsecount="0"/>
        <line num="78" count="7" type="stmt"/>
        <line num="81" count="53" type="stmt"/>
        <line num="82" count="53" type="cond" truecount="4" falsecount="0"/>
        <line num="83" count="4" type="stmt"/>
        <line num="85" count="49" type="stmt"/>
        <line num="86" count="49" type="stmt"/>
        <line num="87" count="64" type="stmt"/>
        <line num="88" count="64" type="stmt"/>
        <line num="90" count="64" type="cond" truecount="1" falsecount="0"/>
        <line num="96" count="9" type="stmt"/>
        <line num="97" count="9" type="stmt"/>
        <line num="99" count="55" type="cond" truecount="1" falsecount="0"/>
        <line num="101" count="2" type="stmt"/>
        <line num="102" count="2" type="stmt"/>
        <line num="104" count="53" type="stmt"/>
        <line num="108" count="53" type="stmt"/>
      </file>
    </package>
    <package name="routes">
      <metrics statements="40" coveredstatements="40" conditionals="8" coveredconditionals="7" methods="6" coveredmethods="6"/>
      <file name="books.ts" path="/Volumes/ExternalSSD/GitHub/2026-c-02/backend/src/routes/books.ts">
        <metrics statements="22" coveredstatements="22" conditionals="4" coveredconditionals="4" methods="4" coveredmethods="4"/>
        <line num="8" count="2" type="stmt"/>
        <line num="10" count="2" type="stmt"/>
        <line num="11" count="2" type="stmt"/>
        <line num="13" count="2" type="stmt"/>
        <line num="25" count="5" type="stmt"/>
        <line num="35" count="1" type="stmt"/>
        <line num="46" count="2" type="stmt"/>
        <line num="47" count="5" type="stmt"/>
        <line num="48" count="5" type="stmt"/>
        <line num="54" count="4" type="stmt"/>
        <line num="56" count="1" type="stmt"/>
        <line num="66" count="2" type="stmt"/>
        <line num="67" count="4" type="stmt"/>
        <line num="68" count="4" type="stmt"/>
        <line num="69" count="4" type="cond" truecount="3" falsecount="0"/>
        <line num="70" count="2" type="stmt"/>
        <line num="73" count="2" type="stmt"/>
        <line num="80" count="2" type="stmt"/>
        <line num="81" count="2" type="cond" truecount="1" falsecount="0"/>
        <line num="82" count="1" type="stmt"/>
        <line num="85" count="1" type="stmt"/>
        <line num="87" count="3" type="stmt"/>
      </file>
      <file name="orders.ts" path="/Volumes/ExternalSSD/GitHub/2026-c-02/backend/src/routes/orders.ts">
        <metrics statements="18" coveredstatements="18" conditionals="4" coveredconditionals="3" methods="2" coveredmethods="2"/>
        <line num="9" count="2" type="stmt"/>
        <line num="10" count="2" type="stmt"/>
        <line num="11" count="2" type="stmt"/>
        <line num="12" count="2" type="stmt"/>
        <line num="14" count="2" type="stmt"/>
        <line num="16" count="2" type="stmt"/>
        <line num="17" count="15" type="stmt"/>
        <line num="18" count="15" type="cond" truecount="1" falsecount="1"/>
        <line num="19" count="15" type="cond" truecount="1" falsecount="0"/>
        <line num="20" count="5" type="stmt"/>
        <line num="28" count="10" type="stmt"/>
        <line num="29" count="20" type="stmt"/>
        <line num="34" count="10" type="stmt"/>
        <line num="35" count="6" type="stmt"/>
        <line num="37" count="9" type="cond" truecount="1" falsecount="0"/>
        <line num="38" count="2" type="stmt"/>
        <line num="43" count="2" type="stmt"/>
        <line num="45" count="7" type="stmt"/>
      </file>
    </package>
    <package name="services">
      <metrics statements="32" coveredstatements="32" conditionals="1" coveredconditionals="1" methods="8" coveredmethods="8"/>
      <file name="orderService.ts" path="/Volumes/ExternalSSD/GitHub/2026-c-02/backend/src/services/orderService.ts">
        <metrics statements="32" coveredstatements="32" conditionals="1" coveredconditionals="1" methods="8" coveredmethods="8"/>
        <line num="16" count="2" type="stmt"/>
        <line num="17" count="2" type="stmt"/>
        <line num="18" count="2" type="stmt"/>
        <line num="22" count="2" type="stmt"/>
        <line num="26" count="2" type="stmt"/>
        <line num="27" count="2" type="stmt"/>
        <line num="28" count="2" type="stmt"/>
        <line num="38" count="2" type="stmt"/>
        <line num="42" count="10" type="stmt"/>
        <line num="44" count="10" type="stmt"/>
        <line num="45" count="10" type="stmt"/>
        <line num="50" count="20" type="stmt"/>
        <line num="51" count="20" type="stmt"/>
        <line num="52" count="10" type="stmt"/>
        <line num="59" count="18" type="stmt"/>
        <line num="60" count="20" type="stmt"/>
        <line num="61" count="10" type="cond" truecount="1" falsecount="0"/>
        <line num="62" count="2" type="stmt"/>
        <line num="63" count="2" type="stmt"/>
        <line num="67" count="16" type="stmt"/>
        <line num="72" count="8" type="stmt"/>
        <line num="73" count="8" type="stmt"/>
        <line num="76" count="8" type="stmt"/>
        <line num="88" count="6" type="stmt"/>
        <line num="92" count="12" type="stmt"/>
        <line num="100" count="6" type="stmt"/>
        <line num="107" count="6" type="stmt"/>
        <line num="109" count="6" type="stmt"/>
        <line num="113" count="4" type="stmt"/>
        <line num="114" count="4" type="stmt"/>
        <line num="118" count="4" type="stmt"/>
        <line num="120" count="10" type="stmt"/>
      </file>
    </package>
  </project>
</coverage>
