{"/Volumes/ExternalSSD/GitHub/2026-c-02/backend/src/domain/calcOrderTotal.ts": {"path":"/Volumes/ExternalSSD/GitHub/2026-c-02/backend/src/domain/calcOrderTotal.ts","statementMap":{"0":{"start":{"line":27,"column":0},"end":{"line":27,"column":16}},"1":{"start":{"line":31,"column":19},"end":{"line":31,"column":64}},"2":{"start":{"line":31,"column":47},"end":{"line":31,"column":62}},"3":{"start":{"line":33,"column":41},"end":{"line":46,"column":4}},"4":{"start":{"line":34,"column":17},"end":{"line":34,"column":42}},"5":{"start":{"line":35,"column":4},"end":{"line":39,"column":5}},"6":{"start":{"line":38,"column":6},"end":{"line":38,"column":59}},"7":{"start":{"line":40,"column":4},"end":{"line":45,"column":6}},"8":{"start":{"line":48,"column":22},"end":{"line":48,"column":71}},"9":{"start":{"line":48,"column":51},"end":{"line":48,"column":67}},"10":{"start":{"line":50,"column":2},"end":{"line":50,"column":43}}},"fnMap":{"0":{"name":"calcOrderTotal","decl":{"start":{"line":27,"column":16},"end":{"line":27,"column":30}},"loc":{"start":{"line":29,"column":25},"end":{"line":51,"column":1}}},"1":{"name":"(anonymous_1)","decl":{"start":{"line":31,"column":37},"end":{"line":31,"column":38}},"loc":{"start":{"line":31,"column":47},"end":{"line":31,"column":62}}},"2":{"name":"(anonymous_2)","decl":{"start":{"line":33,"column":51},"end":{"line":33,"column":52}},"loc":{"start":{"line":33,"column":60},"end":{"line":46,"column":3}}},"3":{"name":"(anonymous_3)","decl":{"start":{"line":48,"column":39},"end":{"line":48,"column":40}},"loc":{"start":{"line":48,"column":51},"end":{"line":48,"column":67}}}},"branchMap":{"0":{"loc":{"start":{"line":35,"column":4},"end":{"line":39,"column":5}},"type":"if","locations":[{"start":{"line":35,"column":4},"end":{"line":39,"column":5}}]}},"s":{"0":3,"1":16,"2":38,"3":16,"4":26,"5":26,"6":1,"7":25,"8":15,"9":25,"10":15},"f":{"0":16,"1":38,"2":26,"3":25},"b":{"0":[1]}}
,"/Volumes/ExternalSSD/GitHub/2026-c-02/backend/src/domain/generateOrderNumber.ts": {"path":"/Volumes/ExternalSSD/GitHub/2026-c-02/backend/src/domain/generateOrderNumber.ts","statementMap":{"0":{"start":{"line":49,"column":0},"end":{"line":49,"column":16}},"1":{"start":{"line":12,"column":0},"end":{"line":12,"column":37}},"2":{"start":{"line":15,"column":17},"end":{"line":15,"column":51}},"3":{"start":{"line":17,"column":20},"end":{"line":17,"column":22}},"4":{"start":{"line":18,"column":22},"end":{"line":18,"column":24}},"5":{"start":{"line":19,"column":13},"end":{"line":19,"column":63}},"6":{"start":{"line":23,"column":18},"end":{"line":23,"column":21}},"7":{"start":{"line":24,"column":16},"end":{"line":24,"column":18}},"8":{"start":{"line":25,"column":2},"end":{"line":29,"column":3}},"9":{"start":{"line":25,"column":15},"end":{"line":25,"column":16}},"10":{"start":{"line":26,"column":16},"end":{"line":26,"column":30}},"11":{"start":{"line":27,"column":4},"end":{"line":27,"column":38}},"12":{"start":{"line":28,"column":4},"end":{"line":28,"column":39}},"13":{"start":{"line":30,"column":2},"end":{"line":30,"column":17}},"14":{"start":{"line":36,"column":16},"end":{"line":36,"column":42}},"15":{"start":{"line":37,"column":16},"end":{"line":37,"column":18}},"16":{"start":{"line":38,"column":2},"end":{"line":40,"column":3}},"17":{"start":{"line":38,"column":15},"end":{"line":38,"column":16}},"18":{"start":{"line":39,"column":4},"end":{"line":39,"column":40}},"19":{"start":{"line":41,"column":2},"end":{"line":41,"column":17}},"20":{"start":{"line":50,"column":2},"end":{"line":52,"column":3}},"21":{"start":{"line":51,"column":4},"end":{"line":51,"column":41}},"22":{"start":{"line":53,"column":2},"end":{"line":53,"column":42}}},"fnMap":{"0":{"name":"encodeTime","decl":{"start":{"line":22,"column":9},"end":{"line":22,"column":19}},"loc":{"start":{"line":22,"column":31},"end":{"line":31,"column":1}}},"1":{"name":"encodeRandom","decl":{"start":{"line":34,"column":9},"end":{"line":34,"column":21}},"loc":{"start":{"line":34,"column":21},"end":{"line":42,"column":1}}},"2":{"name":"generateOrderNumber","decl":{"start":{"line":49,"column":16},"end":{"line":49,"column":35}},"loc":{"start":{"line":49,"column":60},"end":{"line":54,"column":1}}}},"branchMap":{"0":{"loc":{"start":{"line":49,"column":36},"end":{"line":49,"column":60}},"type":"default-arg","locations":[{"start":{"line":49,"column":50},"end":{"line":49,"column":60}}]},"1":{"loc":{"start":{"line":50,"column":2},"end":{"line":52,"column":3}},"type":"if","locations":[{"start":{"line":50,"column":2},"end":{"line":52,"column":3}}]},"2":{"loc":{"start":{"line":50,"column":6},"end":{"line":50,"column":39}},"type":"binary-expr","locations":[{"start":{"line":50,"column":6},"end":{"line":50,"column":28}},{"start":{"line":50,"column":32},"end":{"line":50,"column":39}}]}},"s":{"0":3,"1":3,"2":3,"3":3,"4":3,"5":3,"6":10213,"7":10213,"8":10213,"9":10213,"10":102130,"11":102130,"12":102130,"13":10213,"14":10213,"15":10213,"16":10213,"17":10213,"18":163408,"19":10213,"20":10216,"21":3,"22":10213},"f":{"0":10213,"1":10213,"2":10216},"b":{"0":[10209],"1":[3],"2":[10216,10214]}}
,"/Volumes/ExternalSSD/GitHub/2026-c-02/backend/src/domain/validateOrderRequest.ts": {"path":"/Volumes/ExternalSSD/GitHub/2026-c-02/backend/src/domain/validateOrderRequest.ts","statementMap":{"0":{"start":{"line":33,"column":0},"end":{"line":33,"column":16}},"1":{"start":{"line":64,"column":0},"end":{"line":64,"column":16}},"2":{"start":{"line":24,"column":13},"end":{"line":24,"column":35}},"3":{"start":{"line":25,"column":13},"end":{"line":25,"column":38}},"4":{"start":{"line":26,"column":13},"end":{"line":26,"column":36}},"5":{"start":{"line":34,"column":2},"end":{"line":34,"column":55}},"6":{"start":{"line":41,"column":2},"end":{"line":41,"column":51}},"7":{"start":{"line":41,"column":33},"end":{"line":41,"column":51}},"8":{"start":{"line":42,"column":18},"end":{"line":42,"column":30}},"9":{"start":{"line":43,"column":2},"end":{"line":43,"column":46}},"10":{"start":{"line":43,"column":28},"end":{"line":43,"column":46}},"11":{"start":{"line":44,"column":2},"end":{"line":44,"column":52}},"12":{"start":{"line":44,"column":34},"end":{"line":44,"column":52}},"13":{"start":{"line":45,"column":2},"end":{"line":45,"column":19}},"14":{"start":{"line":65,"column":49},"end":{"line":65,"column":51}},"15":{"start":{"line":66,"column":19},"end":{"line":66,"column":39}},"16":{"start":{"line":68,"column":20},"end":{"line":68,"column":61}},"17":{"start":{"line":69,"column":2},"end":{"line":69,"column":41}},"18":{"start":{"line":69,"column":17},"end":{"line":69,"column":41}},"19":{"start":{"line":71,"column":23},"end":{"line":71,"column":70}},"20":{"start":{"line":72,"column":2},"end":{"line":72,"column":50}},"21":{"start":{"line":72,"column":20},"end":{"line":72,"column":50}},"22":{"start":{"line":74,"column":21},"end":{"line":74,"column":64}},"23":{"start":{"line":75,"column":2},"end":{"line":79,"column":3}},"24":{"start":{"line":76,"column":4},"end":{"line":76,"column":30}},"25":{"start":{"line":77,"column":9},"end":{"line":79,"column":3}},"26":{"start":{"line":78,"column":4},"end":{"line":78,"column":36}},"27":{"start":{"line":81,"column":16},"end":{"line":81,"column":27}},"28":{"start":{"line":82,"column":2},"end":{"line":106,"column":3}},"29":{"start":{"line":83,"column":4},"end":{"line":83,"column":27}},"30":{"start":{"line":85,"column":17},"end":{"line":85,"column":34}},"31":{"start":{"line":86,"column":4},"end":{"line":105,"column":5}},"32":{"start":{"line":87,"column":21},"end":{"line":87,"column":34}},"33":{"start":{"line":88,"column":23},"end":{"line":88,"column":38}},"34":{"start":{"line":90,"column":6},"end":{"line":98,"column":7}},"35":{"start":{"line":96,"column":8},"end":{"line":96,"column":42}},"36":{"start":{"line":97,"column":8},"end":{"line":97,"column":14}},"37":{"start":{"line":99,"column":6},"end":{"line":103,"column":7}},"38":{"start":{"line":101,"column":8},"end":{"line":101,"column":40}},"39":{"start":{"line":102,"column":8},"end":{"line":102,"column":14}},"40":{"start":{"line":104,"column":6},"end":{"line":104,"column":33}},"41":{"start":{"line":108,"column":2},"end":{"line":108,"column":61}}},"fnMap":{"0":{"name":"isValidEmail","decl":{"start":{"line":33,"column":16},"end":{"line":33,"column":28}},"loc":{"start":{"line":33,"column":42},"end":{"line":35,"column":1}}},"1":{"name":"checkText","decl":{"start":{"line":37,"column":9},"end":{"line":37,"column":18}},"loc":{"start":{"line":39,"column":19},"end":{"line":46,"column":1}}},"2":{"name":"validateOrderRequest","decl":{"start":{"line":64,"column":16},"end":{"line":64,"column":36}},"loc":{"start":{"line":64,"column":55},"end":{"line":109,"column":1}}}},"branchMap":{"0":{"loc":{"start":{"line":41,"column":2},"end":{"line":41,"column":51}},"type":"if","locations":[{"start":{"line":41,"column":2},"end":{"line":41,"column":51}}]},"1":{"loc":{"start":{"line":43,"column":2},"end":{"line":43,"column":46}},"type":"if","locations":[{"start":{"line":43,"column":2},"end":{"line":43,"column":46}}]},"2":{"loc":{"start":{"line":44,"column":2},"end":{"line":44,"column":52}},"type":"if","locations":[{"start":{"line":44,"column":2},"end":{"line":44,"column":52}}]},"3":{"loc":{"start":{"line":66,"column":19},"end":{"line":66,"column":39}},"type":"binary-expr","locations":[{"start":{"line":66,"column":19},"end":{"line":66,"column":33}},{"start":{"line":66,"column":37},"end":{"line":66,"column":39}}]},"4":{"loc":{"start":{"line":69,"column":2},"end":{"line":69,"column":41}},"type":"if","locations":[{"start":{"line":69,"column":2},"end":{"line":69,"column":41}}]},"5":{"loc":{"start":{"line":72,"column":2},"end":{"line":72,"column":50}},"type":"if","locations":[{"start":{"line":72,"column":2},"end":{"line":72,"column":50}}]},"6":{"loc":{"start":{"line":75,"column":2},"end":{"line":79,"column":3}},"type":"if","locations":[{"start":{"line":75,"column":2},"end":{"line":79,"column":3}},{"start":{"line":77,"column":9},"end":{"line":79,"column":3}}]},"7":{"loc":{"start":{"line":77,"column":9},"end":{"line":79,"column":3}},"type":"if","locations":[{"start":{"line":77,"column":9},"end":{"line":79,"column":3}}]},"8":{"loc":{"start":{"line":82,"column":2},"end":{"line":106,"column":3}},"type":"if","locations":[{"start":{"line":82,"column":2},"end":{"line":106,"column":3}},{"start":{"line":84,"column":9},"end":{"line":106,"column":3}}]},"9":{"loc":{"start":{"line":82,"column":6},"end":{"line":82,"column":49}},"type":"binary-expr","locations":[{"start":{"line":82,"column":6},"end":{"line":82,"column":27}},{"start":{"line":82,"column":31},"end":{"line":82,"column":49}}]},"10":{"loc":{"start":{"line":90,"column":6},"end":{"line":98,"column":7}},"type":"if","locations":[{"start":{"line":90,"column":6},"end":{"line":98,"column":7}}]},"11":{"loc":{"start":{"line":91,"column":8},"end":{"line":94,"column":31}},"type":"binary-expr","locations":[{"start":{"line":91,"column":8},"end":{"line":91,"column":35}},{"start":{"line":92,"column":9},"end":{"line":92,"column":32}},{"start":{"line":93,"column":8},"end":{"line":93,"column":33}},{"start":{"line":94,"column":9},"end":{"line":94,"column":31}}]},"12":{"loc":{"start":{"line":99,"column":6},"end":{"line":103,"column":7}},"type":"if","locations":[{"start":{"line":99,"column":6},"end":{"line":103,"column":7}}]}},"s":{"0":3,"1":3,"2":3,"3":3,"4":3,"5":48,"6":159,"7":9,"8":150,"9":150,"10":7,"11":143,"12":2,"13":141,"14":53,"15":53,"16":53,"17":53,"18":7,"19":53,"20":53,"21":6,"22":53,"23":53,"24":5,"25":48,"26":7,"27":53,"28":53,"29":4,"30":49,"31":49,"32":64,"33":64,"34":64,"35":9,"36":9,"37":55,"38":2,"39":2,"40":53,"41":53},"f":{"0":48,"1":159,"2":53},"b":{"0":[9],"1":[7],"2":[2],"3":[53,2],"4":[7],"5":[6],"6":[5,48],"7":[7],"8":[4,49],"9":[53,52],"10":[9],"11":[64,61,59,57],"12":[2]}}
,"/Volumes/ExternalSSD/GitHub/2026-c-02/backend/src/routes/books.ts": {"path":"/Volumes/ExternalSSD/GitHub/2026-c-02/backend/src/routes/books.ts","statementMap":{"0":{"start":{"line":8,"column":0},"end":{"line":8,"column":33}},"1":{"start":{"line":10,"column":0},"end":{"line":10,"column":34}},"2":{"start":{"line":11,"column":0},"end":{"line":11,"column":56}},"3":{"start":{"line":13,"column":13},"end":{"line":13,"column":36}},"4":{"start":{"line":25,"column":2},"end":{"line":31,"column":4}},"5":{"start":{"line":35,"column":2},"end":{"line":35,"column":61}},"6":{"start":{"line":46,"column":0},"end":{"line":58,"column":3}},"7":{"start":{"line":47,"column":2},"end":{"line":57,"column":3}},"8":{"start":{"line":48,"column":19},"end":{"line":52,"column":null}},"9":{"start":{"line":54,"column":4},"end":{"line":54,"column":45}},"10":{"start":{"line":56,"column":4},"end":{"line":56,"column":14}},"11":{"start":{"line":66,"column":0},"end":{"line":89,"column":3}},"12":{"start":{"line":67,"column":2},"end":{"line":88,"column":3}},"13":{"start":{"line":68,"column":15},"end":{"line":68,"column":36}},"14":{"start":{"line":69,"column":4},"end":{"line":71,"column":5}},"15":{"start":{"line":70,"column":6},"end":{"line":70,"column":66}},"16":{"start":{"line":73,"column":19},"end":{"line":77,"column":null}},"17":{"start":{"line":80,"column":16},"end":{"line":80,"column":23}},"18":{"start":{"line":81,"column":4},"end":{"line":83,"column":5}},"19":{"start":{"line":82,"column":6},"end":{"line":82,"column":66}},"20":{"start":{"line":85,"column":4},"end":{"line":85,"column":36}},"21":{"start":{"line":87,"column":4},"end":{"line":87,"column":14}}},"fnMap":{"0":{"name":"toSummary","decl":{"start":{"line":24,"column":9},"end":{"line":24,"column":18}},"loc":{"start":{"line":24,"column":31},"end":{"line":32,"column":1}}},"1":{"name":"toBook","decl":{"start":{"line":34,"column":9},"end":{"line":34,"column":15}},"loc":{"start":{"line":34,"column":28},"end":{"line":36,"column":1}}},"2":{"name":"(anonymous_2)","decl":{"start":{"line":46,"column":21},"end":{"line":46,"column":26}},"loc":{"start":{"line":46,"column":47},"end":{"line":58,"column":1}}},"3":{"name":"(anonymous_3)","decl":{"start":{"line":66,"column":24},"end":{"line":66,"column":29}},"loc":{"start":{"line":66,"column":49},"end":{"line":89,"column":1}}}},"branchMap":{"0":{"loc":{"start":{"line":69,"column":4},"end":{"line":71,"column":5}},"type":"if","locations":[{"start":{"line":69,"column":4},"end":{"line":71,"column":5}}]},"1":{"loc":{"start":{"line":69,"column":8},"end":{"line":69,"column":40}},"type":"binary-expr","locations":[{"start":{"line":69,"column":8},"end":{"line":69,"column":29}},{"start":{"line":69,"column":33},"end":{"line":69,"column":40}}]},"2":{"loc":{"start":{"line":81,"column":4},"end":{"line":83,"column":5}},"type":"if","locations":[{"start":{"line":81,"column":4},"end":{"line":83,"column":5}}]}},"s":{"0":2,"1":2,"2":2,"3":2,"4":5,"5":1,"6":2,"7":5,"8":5,"9":4,"10":1,"11":2,"12":4,"13":4,"14":4,"15":2,"16":2,"17":2,"18":2,"19":1,"20":1,"21":3},"f":{"0":5,"1":1,"2":5,"3":4},"b":{"0":[2],"1":[4,3],"2":[1]}}
,"/Volumes/ExternalSSD/GitHub/2026-c-02/backend/src/routes/orders.ts": {"path":"/Volumes/ExternalSSD/GitHub/2026-c-02/backend/src/routes/orders.ts","statementMap":{"0":{"start":{"line":9,"column":0},"end":{"line":9,"column":33}},"1":{"start":{"line":10,"column":0},"end":{"line":10,"column":70}},"2":{"start":{"line":11,"column":0},"end":{"line":11,"column":78}},"3":{"start":{"line":12,"column":0},"end":{"line":12,"column":78}},"4":{"start":{"line":14,"column":13},"end":{"line":14,"column":37}},"5":{"start":{"line":16,"column":0},"end":{"line":47,"column":3}},"6":{"start":{"line":17,"column":2},"end":{"line":46,"column":3}},"7":{"start":{"line":18,"column":19},"end":{"line":18,"column":55}},"8":{"start":{"line":19,"column":4},"end":{"line":26,"column":5}},"9":{"start":{"line":20,"column":6},"end":{"line":25,"column":8}},"10":{"start":{"line":28,"column":21},"end":{"line":28,"column":55}},"11":{"start":{"line":29,"column":19},"end":{"line":32,"column":7}},"12":{"start":{"line":29,"column":70},"end":{"line":32,"column":6}},"13":{"start":{"line":34,"column":18},"end":{"line":34,"column":52}},"14":{"start":{"line":35,"column":4},"end":{"line":35,"column":36}},"15":{"start":{"line":37,"column":4},"end":{"line":44,"column":5}},"16":{"start":{"line":38,"column":6},"end":{"line":42,"column":8}},"17":{"start":{"line":43,"column":6},"end":{"line":43,"column":13}},"18":{"start":{"line":45,"column":4},"end":{"line":45,"column":14}}},"fnMap":{"0":{"name":"(anonymous_0)","decl":{"start":{"line":16,"column":23},"end":{"line":16,"column":28}},"loc":{"start":{"line":16,"column":48},"end":{"line":47,"column":1}}},"1":{"name":"(anonymous_1)","decl":{"start":{"line":29,"column":59},"end":{"line":29,"column":60}},"loc":{"start":{"line":29,"column":70},"end":{"line":32,"column":6}}}},"branchMap":{"0":{"loc":{"start":{"line":18,"column":40},"end":{"line":18,"column":54}},"type":"binary-expr","locations":[{"start":{"line":18,"column":40},"end":{"line":18,"column":48}},{"start":{"line":18,"column":52},"end":{"line":18,"column":54}}]},"1":{"loc":{"start":{"line":19,"column":4},"end":{"line":26,"column":5}},"type":"if","locations":[{"start":{"line":19,"column":4},"end":{"line":26,"column":5}}]},"2":{"loc":{"start":{"line":37,"column":4},"end":{"line":44,"column":5}},"type":"if","locations":[{"start":{"line":37,"column":4},"end":{"line":44,"column":5}}]}},"s":{"0":2,"1":2,"2":2,"3":2,"4":2,"5":2,"6":15,"7":15,"8":15,"9":5,"10":10,"11":10,"12":20,"13":10,"14":6,"15":9,"16":2,"17":2,"18":7},"f":{"0":15,"1":20},"b":{"0":[15,0],"1":[5],"2":[2]}}
,"/Volumes/ExternalSSD/GitHub/2026-c-02/backend/src/services/orderService.ts": {"path":"/Volumes/ExternalSSD/GitHub/2026-c-02/backend/src/services/orderService.ts","statementMap":{"0":{"start":{"line":38,"column":0},"end":{"line":38,"column":7}},"1":{"start":{"line":16,"column":0},"end":{"line":16,"column":43}},"2":{"start":{"line":17,"column":0},"end":{"line":17,"column":75}},"3":{"start":{"line":18,"column":0},"end":{"line":18,"column":68}},"4":{"start":{"line":26,"column":4},"end":{"line":26,"column":33}},"5":{"start":{"line":27,"column":4},"end":{"line":27,"column":40}},"6":{"start":{"line":28,"column":4},"end":{"line":28,"column":49}},"7":{"start":{"line":22,"column":0},"end":{"line":22,"column":13}},"8":{"start":{"line":42,"column":15},"end":{"line":42,"column":36}},"9":{"start":{"line":44,"column":2},"end":{"line":121,"column":3}},"10":{"start":{"line":45,"column":4},"end":{"line":45,"column":34}},"11":{"start":{"line":50,"column":20},"end":{"line":50,"column":52}},"12":{"start":{"line":50,"column":40},"end":{"line":50,"column":51}},"13":{"start":{"line":51,"column":25},"end":{"line":51,"column":58}},"14":{"start":{"line":51,"column":43},"end":{"line":51,"column":46}},"15":{"start":{"line":52,"column":19},"end":{"line":56,"column":null}},"16":{"start":{"line":59,"column":18},"end":{"line":59,"column":52}},"17":{"start":{"line":59,"column":44},"end":{"line":59,"column":50}},"18":{"start":{"line":60,"column":24},"end":{"line":60,"column":62}},"19":{"start":{"line":60,"column":47},"end":{"line":60,"column":61}},"20":{"start":{"line":61,"column":4},"end":{"line":64,"column":5}},"21":{"start":{"line":62,"column":6},"end":{"line":62,"column":28}},"22":{"start":{"line":63,"column":6},"end":{"line":63,"column":51}},"23":{"start":{"line":67,"column":32},"end":{"line":71,"column":7}},"24":{"start":{"line":67,"column":51},"end":{"line":71,"column":6}},"25":{"start":{"line":72,"column":46},"end":{"line":72,"column":74}},"26":{"start":{"line":73,"column":24},"end":{"line":73,"column":45}},"27":{"start":{"line":76,"column":26},"end":{"line":86,"column":null}},"28":{"start":{"line":88,"column":20},"end":{"line":88,"column":40}},"29":{"start":{"line":92,"column":19},"end":{"line":99,"column":6}},"30":{"start":{"line":92,"column":54},"end":{"line":99,"column":6}},"31":{"start":{"line":100,"column":4},"end":{"line":105,"column":6}},"32":{"start":{"line":107,"column":4},"end":{"line":107,"column":24}},"33":{"start":{"line":109,"column":4},"end":{"line":109,"column":58}},"34":{"start":{"line":113,"column":4},"end":{"line":117,"column":5}},"35":{"start":{"line":114,"column":6},"end":{"line":114,"column":28}},"36":{"start":{"line":118,"column":4},"end":{"line":118,"column":14}},"37":{"start":{"line":120,"column":4},"end":{"line":120,"column":19}}},"fnMap":{"0":{"name":"(anonymous_0)","decl":{"start":{"line":25,"column":2},"end":{"line":25,"column":14}},"loc":{"start":{"line":25,"column":42},"end":{"line":29,"column":3}}},"1":{"name":"createOrder","decl":{"start":{"line":38,"column":22},"end":{"line":38,"column":33}},"loc":{"start":{"line":40,"column":25},"end":{"line":122,"column":1}}},"2":{"name":"(anonymous_2)","decl":{"start":{"line":50,"column":30},"end":{"line":50,"column":31}},"loc":{"start":{"line":50,"column":40},"end":{"line":50,"column":51}}},"3":{"name":"(anonymous_3)","decl":{"start":{"line":51,"column":37},"end":{"line":51,"column":40}},"loc":{"start":{"line":51,"column":43},"end":{"line":51,"column":46}}},"4":{"name":"(anonymous_4)","decl":{"start":{"line":59,"column":35},"end":{"line":59,"column":36}},"loc":{"start":{"line":59,"column":44},"end":{"line":59,"column":50}}},"5":{"name":"(anonymous_5)","decl":{"start":{"line":60,"column":39},"end":{"line":60,"column":40}},"loc":{"start":{"line":60,"column":47},"end":{"line":60,"column":61}}},"6":{"name":"(anonymous_6)","decl":{"start":{"line":67,"column":41},"end":{"line":67,"column":42}},"loc":{"start":{"line":67,"column":51},"end":{"line":71,"column":6}}},"7":{"name":"(anonymous_7)","decl":{"start":{"line":92,"column":33},"end":{"line":92,"column":34}},"loc":{"start":{"line":92,"column":54},"end":{"line":99,"column":6}}}},"branchMap":{"0":{"loc":{"start":{"line":61,"column":4},"end":{"line":64,"column":5}},"type":"if","locations":[{"start":{"line":61,"column":4},"end":{"line":64,"column":5}}]}},"s":{"0":2,"1":2,"2":2,"3":2,"4":2,"5":2,"6":2,"7":2,"8":10,"9":10,"10":10,"11":10,"12":20,"13":10,"14":20,"15":10,"16":10,"17":18,"18":10,"19":20,"20":10,"21":2,"22":2,"23":8,"24":16,"25":8,"26":8,"27":8,"28":6,"29":6,"30":12,"31":6,"32":6,"33":6,"34":4,"35":4,"36":4,"37":10},"f":{"0":2,"1":10,"2":20,"3":20,"4":18,"5":20,"6":16,"7":12},"b":{"0":[2]}}
}
