{"/app/src/app.ts": {"path":"/app/src/app.ts","statementMap":{"0":{"start":{"line":1,"column":0},"end":{"line":1,"column":30}},"1":{"start":{"line":2,"column":0},"end":{"line":2,"column":24}},"2":{"start":{"line":3,"column":0},"end":{"line":3,"column":41}},"3":{"start":{"line":4,"column":0},"end":{"line":4,"column":43}},"4":{"start":{"line":6,"column":12},"end":{"line":6,"column":21}},"5":{"start":{"line":8,"column":0},"end":{"line":8,"column":79}},"6":{"start":{"line":9,"column":0},"end":{"line":9,"column":24}},"7":{"start":{"line":11,"column":0},"end":{"line":11,"column":35}},"8":{"start":{"line":12,"column":0},"end":{"line":12,"column":37}},"9":{"start":{"line":14,"column":0},"end":{"line":14,"column":19}}},"fnMap":{},"branchMap":{"0":{"loc":{"start":{"line":8,"column":23},"end":{"line":8,"column":74}},"type":"binary-expr","locations":[{"start":{"line":8,"column":23},"end":{"line":8,"column":47}},{"start":{"line":8,"column":51},"end":{"line":8,"column":74}}]}},"s":{"0":2,"1":2,"2":2,"3":2,"4":2,"5":2,"6":2,"7":2,"8":2,"9":2},"f":{},"b":{"0":[2,2]}}
,"/app/src/controllers/booksController.ts": {"path":"/app/src/controllers/booksController.ts","statementMap":{"0":{"start":{"line":2,"column":0},"end":{"line":2,"column":46}},"1":{"start":{"line":5,"column":22},"end":{"line":12,"column":1}},"2":{"start":{"line":6,"column":2},"end":{"line":11,"column":3}},"3":{"start":{"line":7,"column":18},"end":{"line":7,"column":54}},"4":{"start":{"line":8,"column":4},"end":{"line":8,"column":20}},"5":{"start":{"line":10,"column":4},"end":{"line":10,"column":57}},"6":{"start":{"line":5,"column":13},"end":{"line":5,"column":22}},"7":{"start":{"line":14,"column":23},"end":{"line":26,"column":1}},"8":{"start":{"line":15,"column":2},"end":{"line":25,"column":3}},"9":{"start":{"line":16,"column":18},"end":{"line":16,"column":54}},"10":{"start":{"line":17,"column":17},"end":{"line":17,"column":58}},"11":{"start":{"line":17,"column":35},"end":{"line":17,"column":57}},"12":{"start":{"line":18,"column":4},"end":{"line":21,"column":5}},"13":{"start":{"line":19,"column":6},"end":{"line":19,"column":57}},"14":{"start":{"line":20,"column":6},"end":{"line":20,"column":13}},"15":{"start":{"line":22,"column":4},"end":{"line":22,"column":19}},"16":{"start":{"line":24,"column":4},"end":{"line":24,"column":57}},"17":{"start":{"line":14,"column":13},"end":{"line":14,"column":23}}},"fnMap":{"0":{"name":"(anonymous_0)","decl":{"start":{"line":5,"column":22},"end":{"line":5,"column":27}},"loc":{"start":{"line":5,"column":76},"end":{"line":12,"column":1}}},"1":{"name":"(anonymous_1)","decl":{"start":{"line":14,"column":23},"end":{"line":14,"column":28}},"loc":{"start":{"line":14,"column":76},"end":{"line":26,"column":1}}},"2":{"name":"(anonymous_2)","decl":{"start":{"line":17,"column":28},"end":{"line":17,"column":29}},"loc":{"start":{"line":17,"column":35},"end":{"line":17,"column":57}}}},"branchMap":{"0":{"loc":{"start":{"line":18,"column":4},"end":{"line":21,"column":5}},"type":"if","locations":[{"start":{"line":18,"column":4},"end":{"line":21,"column":5}}]}},"s":{"0":2,"1":2,"2":1,"3":1,"4":1,"5":0,"6":2,"7":2,"8":2,"9":2,"10":2,"11":3,"12":2,"13":1,"14":1,"15":1,"16":0,"17":2},"f":{"0":1,"1":2,"2":3},"b":{"0":[1]}}
,"/app/src/controllers/ordersController.ts": {"path":"/app/src/controllers/ordersController.ts","statementMap":{"0":{"start":{"line":2,"column":0},"end":{"line":2,"column":24}},"1":{"start":{"line":3,"column":0},"end":{"line":3,"column":57}},"2":{"start":{"line":6,"column":20},"end":{"line":6,"column":48}},"3":{"start":{"line":8,"column":24},"end":{"line":22,"column":2}},"4":{"start":{"line":24,"column":26},"end":{"line":53,"column":2}},"5":{"start":{"line":30,"column":22},"end":{"line":30,"column":30}},"6":{"start":{"line":31,"column":19},"end":{"line":31,"column":31}},"7":{"start":{"line":37,"column":22},"end":{"line":37,"column":30}},"8":{"start":{"line":38,"column":19},"end":{"line":38,"column":31}},"9":{"start":{"line":44,"column":22},"end":{"line":44,"column":30}},"10":{"start":{"line":45,"column":19},"end":{"line":45,"column":31}},"11":{"start":{"line":46,"column":19},"end":{"line":46,"column":38}},"12":{"start":{"line":55,"column":22},"end":{"line":120,"column":1}},"13":{"start":{"line":56,"column":17},"end":{"line":56,"column":54}},"14":{"start":{"line":57,"column":2},"end":{"line":60,"column":3}},"15":{"start":{"line":58,"column":4},"end":{"line":58,"column":68}},"16":{"start":{"line":59,"column":4},"end":{"line":59,"column":11}},"17":{"start":{"line":62,"column":50},"end":{"line":62,"column":61}},"18":{"start":{"line":65,"column":2},"end":{"line":70,"column":3}},"19":{"start":{"line":66,"column":4},"end":{"line":66,"column":49}},"20":{"start":{"line":68,"column":4},"end":{"line":68,"column":52}},"21":{"start":{"line":69,"column":4},"end":{"line":69,"column":11}},"22":{"start":{"line":72,"column":34},"end":{"line":72,"column":36}},"23":{"start":{"line":73,"column":2},"end":{"line":86,"column":3}},"24":{"start":{"line":74,"column":17},"end":{"line":74,"column":56}},"25":{"start":{"line":74,"column":35},"end":{"line":74,"column":55}},"26":{"start":{"line":75,"column":4},"end":{"line":78,"column":5}},"27":{"start":{"line":76,"column":6},"end":{"line":76,"column":77}},"28":{"start":{"line":77,"column":6},"end":{"line":77,"column":13}},"29":{"start":{"line":79,"column":4},"end":{"line":85,"column":7}},"30":{"start":{"line":88,"column":22},"end":{"line":88,"column":72}},"31":{"start":{"line":88,"column":52},"end":{"line":88,"column":68}},"32":{"start":{"line":91,"column":2},"end":{"line":96,"column":3}},"33":{"start":{"line":92,"column":4},"end":{"line":92,"column":52}},"34":{"start":{"line":94,"column":4},"end":{"line":94,"column":52}},"35":{"start":{"line":95,"column":4},"end":{"line":95,"column":11}},"36":{"start":{"line":98,"column":19},"end":{"line":98,"column":74}},"37":{"start":{"line":99,"column":18},"end":{"line":99,"column":60}},"38":{"start":{"line":100,"column":18},"end":{"line":100,"column":46}},"39":{"start":{"line":102,"column":26},"end":{"line":110,"column":4}},"40":{"start":{"line":112,"column":2},"end":{"line":117,"column":3}},"41":{"start":{"line":113,"column":4},"end":{"line":113,"column":67}},"42":{"start":{"line":115,"column":4},"end":{"line":115,"column":52}},"43":{"start":{"line":116,"column":4},"end":{"line":116,"column":11}},"44":{"start":{"line":119,"column":2},"end":{"line":119,"column":33}},"45":{"start":{"line":55,"column":13},"end":{"line":55,"column":22}}},"fnMap":{"0":{"name":"(anonymous_0)","decl":{"start":{"line":30,"column":15},"end":{"line":30,"column":16}},"loc":{"start":{"line":30,"column":22},"end":{"line":30,"column":30}}},"1":{"name":"(anonymous_1)","decl":{"start":{"line":31,"column":12},"end":{"line":31,"column":13}},"loc":{"start":{"line":31,"column":19},"end":{"line":31,"column":31}}},"2":{"name":"(anonymous_2)","decl":{"start":{"line":37,"column":15},"end":{"line":37,"column":16}},"loc":{"start":{"line":37,"column":22},"end":{"line":37,"column":30}}},"3":{"name":"(anonymous_3)","decl":{"start":{"line":38,"column":12},"end":{"line":38,"column":13}},"loc":{"start":{"line":38,"column":19},"end":{"line":38,"column":31}}},"4":{"name":"(anonymous_4)","decl":{"start":{"line":44,"column":15},"end":{"line":44,"column":16}},"loc":{"start":{"line":44,"column":22},"end":{"line":44,"column":30}}},"5":{"name":"(anonymous_5)","decl":{"start":{"line":45,"column":12},"end":{"line":45,"column":13}},"loc":{"start":{"line":45,"column":19},"end":{"line":45,"column":31}}},"6":{"name":"(anonymous_6)","decl":{"start":{"line":46,"column":12},"end":{"line":46,"column":13}},"loc":{"start":{"line":46,"column":19},"end":{"line":46,"column":38}}},"7":{"name":"(anonymous_7)","decl":{"start":{"line":55,"column":22},"end":{"line":55,"column":27}},"loc":{"start":{"line":55,"column":75},"end":{"line":120,"column":1}}},"8":{"name":"(anonymous_8)","decl":{"start":{"line":74,"column":28},"end":{"line":74,"column":29}},"loc":{"start":{"line":74,"column":35},"end":{"line":74,"column":55}}},"9":{"name":"(anonymous_9)","decl":{"start":{"line":88,"column":40},"end":{"line":88,"column":41}},"loc":{"start":{"line":88,"column":52},"end":{"line":88,"column":68}}}},"branchMap":{"0":{"loc":{"start":{"line":57,"column":2},"end":{"line":60,"column":3}},"type":"if","locations":[{"start":{"line":57,"column":2},"end":{"line":60,"column":3}}]},"1":{"loc":{"start":{"line":75,"column":4},"end":{"line":78,"column":5}},"type":"if","locations":[{"start":{"line":75,"column":4},"end":{"line":78,"column":5}}]}},"s":{"0":2,"1":2,"2":2,"3":2,"4":2,"5":8,"6":8,"7":8,"8":8,"9":8,"10":8,"11":8,"12":2,"13":9,"14":9,"15":6,"16":6,"17":3,"18":3,"19":3,"20":0,"21":0,"22":3,"23":3,"24":3,"25":3,"26":3,"27":0,"28":0,"29":3,"30":3,"31":3,"32":3,"33":3,"34":0,"35":0,"36":3,"37":3,"38":3,"39":3,"40":3,"41":3,"42":0,"43":0,"44":3,"45":2},"f":{"0":8,"1":8,"2":8,"3":8,"4":8,"5":8,"6":8,"7":9,"8":3,"9":3},"b":{"0":[6],"1":[0]}}
,"/app/src/routes/books.ts": {"path":"/app/src/routes/books.ts","statementMap":{"0":{"start":{"line":1,"column":0},"end":{"line":1,"column":33}},"1":{"start":{"line":2,"column":0},"end":{"line":2,"column":65}},"2":{"start":{"line":4,"column":15},"end":{"line":4,"column":23}},"3":{"start":{"line":6,"column":0},"end":{"line":6,"column":24}},"4":{"start":{"line":7,"column":0},"end":{"line":7,"column":28}},"5":{"start":{"line":9,"column":0},"end":{"line":9,"column":22}}},"fnMap":{},"branchMap":{},"s":{"0":2,"1":2,"2":2,"3":2,"4":2,"5":2},"f":{},"b":{}}
,"/app/src/routes/orders.ts": {"path":"/app/src/routes/orders.ts","statementMap":{"0":{"start":{"line":1,"column":0},"end":{"line":1,"column":33}},"1":{"start":{"line":2,"column":0},"end":{"line":2,"column":57}},"2":{"start":{"line":4,"column":15},"end":{"line":4,"column":23}},"3":{"start":{"line":6,"column":0},"end":{"line":6,"column":25}},"4":{"start":{"line":8,"column":0},"end":{"line":8,"column":22}}},"fnMap":{},"branchMap":{},"s":{"0":2,"1":2,"2":2,"3":2,"4":2},"f":{},"b":{}}
,"/app/src/utils/fileStore.ts": {"path":"/app/src/utils/fileStore.ts","statementMap":{"0":{"start":{"line":6,"column":0},"end":{"line":6,"column":7}},"1":{"start":{"line":12,"column":0},"end":{"line":12,"column":7}},"2":{"start":{"line":1,"column":0},"end":{"line":1,"column":36}},"3":{"start":{"line":2,"column":0},"end":{"line":2,"column":24}},"4":{"start":{"line":4,"column":17},"end":{"line":4,"column":51}},"5":{"start":{"line":7,"column":19},"end":{"line":7,"column":48}},"6":{"start":{"line":8,"column":14},"end":{"line":8,"column":50}},"7":{"start":{"line":9,"column":2},"end":{"line":9,"column":30}},"8":{"start":{"line":13,"column":19},"end":{"line":13,"column":48}},"9":{"start":{"line":14,"column":2},"end":{"line":14,"column":71}}},"fnMap":{"0":{"name":"readJson","decl":{"start":{"line":6,"column":22},"end":{"line":6,"column":30}},"loc":{"start":{"line":6,"column":50},"end":{"line":10,"column":1}}},"1":{"name":"writeJson","decl":{"start":{"line":12,"column":22},"end":{"line":12,"column":31}},"loc":{"start":{"line":12,"column":60},"end":{"line":15,"column":1}}}},"branchMap":{},"s":{"0":3,"1":3,"2":3,"3":3,"4":3,"5":3,"6":3,"7":3,"8":1,"9":1},"f":{"0":3,"1":1},"b":{}}
}
