TN:
SF:src/app.ts
FNF:0
FNH:0
DA:1,2
DA:2,2
DA:3,2
DA:4,2
DA:6,2
DA:8,2
DA:9,2
DA:11,2
DA:12,2
DA:14,2
LF:10
LH:10
BRDA:8,0,0,2
BRDA:8,0,1,2
BRF:2
BRH:2
end_of_record
TN:
SF:src/controllers/booksController.ts
FN:5,(anonymous_0)
FN:14,(anonymous_1)
FN:17,(anonymous_2)
FNF:3
FNH:3
FNDA:1,(anonymous_0)
FNDA:2,(anonymous_1)
FNDA:3,(anonymous_2)
DA:2,2
DA:5,2
DA:6,1
DA:7,1
DA:8,1
DA:10,0
DA:14,2
DA:15,2
DA:16,2
DA:17,3
DA:18,2
DA:19,1
DA:20,1
DA:22,1
DA:24,0
LF:15
LH:13
BRDA:18,0,0,1
BRF:1
BRH:1
end_of_record
TN:
SF:src/controllers/ordersController.ts
FN:30,(anonymous_0)
FN:31,(anonymous_1)
FN:37,(anonymous_2)
FN:38,(anonymous_3)
FN:44,(anonymous_4)
FN:45,(anonymous_5)
FN:46,(anonymous_6)
FN:55,(anonymous_7)
FN:74,(anonymous_8)
FN:88,(anonymous_9)
FNF:10
FNH:10
FNDA:8,(anonymous_0)
FNDA:8,(anonymous_1)
FNDA:8,(anonymous_2)
FNDA:8,(anonymous_3)
FNDA:8,(anonymous_4)
FNDA:8,(anonymous_5)
FNDA:8,(anonymous_6)
FNDA:9,(anonymous_7)
FNDA:3,(anonymous_8)
FNDA:3,(anonymous_9)
DA:2,2
DA:3,2
DA:6,2
DA:8,2
DA:24,2
DA:30,8
DA:31,8
DA:37,8
DA:38,8
DA:44,8
DA:45,8
DA:46,8
DA:55,2
DA:56,9
DA:57,9
DA:58,6
DA:59,6
DA:62,3
DA:65,3
DA:66,3
DA:68,0
DA:69,0
DA:72,3
DA:73,3
DA:74,3
DA:75,3
DA:76,0
DA:77,0
DA:79,3
DA:88,3
DA:91,3
DA:92,3
DA:94,0
DA:95,0
DA:98,3
DA:99,3
DA:100,3
DA:102,3
DA:112,3
DA:113,3
DA:115,0
DA:116,0
DA:119,3
LF:43
LH:35
BRDA:57,0,0,6
BRDA:75,1,0,0
BRF:2
BRH:1
end_of_record
TN:
SF:src/routes/books.ts
FNF:0
FNH:0
DA:1,2
DA:2,2
DA:4,2
DA:6,2
DA:7,2
DA:9,2
LF:6
LH:6
BRF:0
BRH:0
end_of_record
TN:
SF:src/routes/orders.ts
FNF:0
FNH:0
DA:1,2
DA:2,2
DA:4,2
DA:6,2
DA:8,2
LF:5
LH:5
BRF:0
BRH:0
end_of_record
TN:
SF:src/utils/fileStore.ts
FN:6,readJson
FN:12,writeJson
FNF:2
FNH:2
FNDA:3,readJson
FNDA:1,writeJson
DA:1,3
DA:2,3
DA:4,3
DA:6,3
DA:7,3
DA:8,3
DA:9,3
DA:12,3
DA:13,1
DA:14,1
LF:10
LH:10
BRF:0
BRH:0
end_of_record
