TN:
SF:src/index.ts
FN:24,(anonymous_1)
FN:28,(anonymous_2)
FN:40,(anonymous_3)
FN:64,(anonymous_4)
FN:82,(anonymous_5)
FNF:5
FNH:5
FNDA:1,(anonymous_1)
FNDA:2,(anonymous_2)
FNDA:3,(anonymous_3)
FNDA:9,(anonymous_4)
FNDA:8,(anonymous_5)
DA:1,1
DA:2,1
DA:3,1
DA:6,1
DA:10,1
DA:11,1
DA:24,1
DA:25,1
DA:28,1
DA:29,2
DA:30,2
DA:33,1
DA:35,1
DA:36,1
DA:40,1
DA:41,3
DA:42,3
DA:46,2
DA:47,1
DA:48,1
DA:50,1
DA:52,1
DA:53,1
DA:64,1
DA:65,9
DA:72,9
DA:73,5
DA:74,5
DA:77,4
DA:78,4
DA:79,4
DA:81,4
DA:82,8
DA:85,4
DA:87,4
DA:91,3
DA:93,3
DA:94,6
DA:100,3
DA:101,3
DA:103,1
DA:104,1
DA:105,1
DA:107,4
DA:118,1
LF:45
LH:45
BRDA:46,0,0,1
BRDA:46,0,1,1
BRDA:72,1,0,5
BRDA:72,1,1,4
BRDA:72,2,0,9
BRDA:72,2,1,8
BRDA:72,2,2,7
BRDA:72,2,3,6
BRDA:72,2,4,5
BRF:9
BRH:9
end_of_record
